<?xml version="1.0" encoding="UTF-8"?>
<testsuite xmlns:xsi="http://www.w3.org/2001/XMLSchema-instance" xsi:noNamespaceSchemaLocation="https://maven.apache.org/surefire/maven-surefire-plugin/xsd/surefire-test-report-3.0.xsd" version="3.0" name="com.poissonnerie.test.TestFournisseur" time="0.377" tests="10" errors="0" skipped="0" failures="0">
  <properties>
[...]
</properties>
  <testcase name="testValidationFournisseurValide" classname="com.poissonnerie.test.TestFournisseur" time="0.315">
    <system-err><![CDATA[Jan 18, 2025 11:58:28 PM com.poissonnerie.controller.FournisseurController ajouterFournisseur
INFO: Tentative d'ajout d'un nouveau fournisseur: Fournisseur Test
Jan 18, 2025 11:58:28 PM com.poissonnerie.util.DatabaseManager initializeConnection
INFO: Initialisation d'une nouvelle connexion à la base de données
SLF4J: Failed to load class "org.slf4j.impl.StaticLoggerBinder".
SLF4J: Defaulting to no-operation (NOP) logger implementation
SLF4J: See http://www.slf4j.org/codes.html#StaticLoggerBinder for further details.
Jan 18, 2025 11:58:29 PM com.poissonnerie.util.DatabaseManager initializeConnection
INFO: Configuration des PRAGMA SQLite effectuée
Jan 18, 2025 11:58:29 PM com.poissonnerie.util.DatabaseManager initializeConnection
INFO: Connexion à la base de données établie avec succès
Jan 18, 2025 11:58:29 PM com.poissonnerie.controller.FournisseurController ajouterFournisseur
INFO: Fournisseur ajouté avec succès, ID: 31
]]></system-err>
  </testcase>
  <testcase name="testValidationLongueurMaximale" classname="com.poissonnerie.test.TestFournisseur" time="0.003">
    <system-err><![CDATA[Jan 18, 2025 11:58:29 PM com.poissonnerie.controller.FournisseurController ajouterFournisseur
INFO: Tentative d'ajout d'un nouveau fournisseur: aaaaaaaaaaaaaaaaaaaaaaaaaaaaaaaaaaaaaaaaaaaaaaaaaaaaaaaaaaaaaaaaaaaaaaaaaaaaaaaaaaaaaaaaaaaaaaaaaaaaa
Jan 18, 2025 11:58:29 PM com.poissonnerie.controller.FournisseurController ajouterFournisseur
INFO: Tentative d'ajout d'un nouveau fournisseur: Nom valide
]]></system-err>
  </testcase>
  <testcase name="testRechercheTermeNull" classname="com.poissonnerie.test.TestFournisseur" time="0.001">
    <system-err><![CDATA[Jan 18, 2025 11:58:29 PM com.poissonnerie.controller.FournisseurController rechercherFournisseurs
WARNING: Tentative de recherche avec un terme vide
]]></system-err>
  </testcase>
  <testcase name="testRechercheTermeVide" classname="com.poissonnerie.test.TestFournisseur" time="0.002">
    <system-err><![CDATA[Jan 18, 2025 11:58:29 PM com.poissonnerie.controller.FournisseurController rechercherFournisseurs
WARNING: Tentative de recherche avec un terme vide
]]></system-err>
  </testcase>
  <testcase name="testValidationTelephoneInvalide" classname="com.poissonnerie.test.TestFournisseur" time="0.002">
    <system-err><![CDATA[Jan 18, 2025 11:58:29 PM com.poissonnerie.controller.FournisseurController ajouterFournisseur
INFO: Tentative d'ajout d'un nouveau fournisseur: Fournisseur Test
]]></system-err>
  </testcase>
  <testcase name="testValidationFournisseurNull" classname="com.poissonnerie.test.TestFournisseur" time="0.002">
    <system-err><![CDATA[Jan 18, 2025 11:58:29 PM com.poissonnerie.controller.FournisseurController ajouterFournisseur
SEVERE: Tentative d'ajout d'un fournisseur null
]]></system-err>
  </testcase>
  <testcase name="testSanitizationEntrees" classname="com.poissonnerie.test.TestFournisseur" time="0.022">
    <system-err><![CDATA[Jan 18, 2025 11:58:29 PM com.poissonnerie.controller.FournisseurController ajouterFournisseur
INFO: Tentative d'ajout d'un nouveau fournisseur: Test<script>alert('xss')</script>
Jan 18, 2025 11:58:29 PM com.poissonnerie.util.DatabaseManager needsNewConnection
WARNING: Connexion détectée comme invalide ou fermée
Jan 18, 2025 11:58:29 PM com.poissonnerie.util.DatabaseManager initializeConnection
INFO: Initialisation d'une nouvelle connexion à la base de données
Jan 18, 2025 11:58:29 PM com.poissonnerie.util.DatabaseManager initializeConnection
INFO: Configuration des PRAGMA SQLite effectuée
Jan 18, 2025 11:58:29 PM com.poissonnerie.util.DatabaseManager initializeConnection
INFO: Connexion à la base de données établie avec succès
Jan 18, 2025 11:58:29 PM com.poissonnerie.controller.FournisseurController ajouterFournisseur
INFO: Fournisseur ajouté avec succès, ID: 32
]]></system-err>
  </testcase>
  <testcase name="testValidationNomVide" classname="com.poissonnerie.test.TestFournisseur" time="0.002">
    <system-err><![CDATA[Jan 18, 2025 11:58:29 PM com.poissonnerie.controller.FournisseurController ajouterFournisseur
INFO: Tentative d'ajout d'un nouveau fournisseur: 
]]></system-err>
  </testcase>
  <testcase name="testValidationEmailInvalide" classname="com.poissonnerie.test.TestFournisseur" time="0.002">
    <system-err><![CDATA[Jan 18, 2025 11:58:29 PM com.poissonnerie.controller.FournisseurController ajouterFournisseur
INFO: Tentative d'ajout d'un nouveau fournisseur: Fournisseur Test
]]></system-err>
  </testcase>
  <testcase name="testSuppressionFournisseurInvalide" classname="com.poissonnerie.test.TestFournisseur" time="0.001">
    <system-err><![CDATA[Jan 18, 2025 11:58:29 PM com.poissonnerie.controller.FournisseurController supprimerFournisseur
WARNING: Tentative de suppression d'un fournisseur invalide
]]></system-err>
  </testcase>
</testsuite>