<?xml version="1.0" encoding="UTF-8"?>
<testsuite xmlns:xsi="http://www.w3.org/2001/XMLSchema-instance" xsi:noNamespaceSchemaLocation="https://maven.apache.org/surefire/maven-surefire-plugin/xsd/surefire-test-report-3.0.xsd" version="3.0" name="com.poissonnerie.test.TestVente" time="5.172" tests="12" errors="2" skipped="0" failures="1">
  <properties>
[...]
</properties>
  <testcase name="testValidationVenteValide" classname="com.poissonnerie.test.TestVente" time="2.114">
    <failure message="Une vente valide devrait être acceptée ==&gt; Unexpected exception thrown: java.lang.RuntimeException: Erreur lors de l&apos;enregistrement de la vente: not implemented by SQLite JDBC driver" type="org.opentest4j.AssertionFailedError"><![CDATA[org.opentest4j.AssertionFailedError: Une vente valide devrait être acceptée ==> Unexpected exception thrown: java.lang.RuntimeException: Erreur lors de l'enregistrement de la vente: not implemented by SQLite JDBC driver
	at org.junit.jupiter.api.AssertionFailureBuilder.build(AssertionFailureBuilder.java:152)
	at org.junit.jupiter.api.AssertDoesNotThrow.createAssertionFailedError(AssertDoesNotThrow.java:84)
	at org.junit.jupiter.api.AssertDoesNotThrow.assertDoesNotThrow(AssertDoesNotThrow.java:53)
	at org.junit.jupiter.api.AssertDoesNotThrow.assertDoesNotThrow(AssertDoesNotThrow.java:40)
	at org.junit.jupiter.api.Assertions.assertDoesNotThrow(Assertions.java:3155)
	at com.poissonnerie.test.TestVente.testValidationVenteValide(TestVente.java:122)
	at java.base/jdk.internal.reflect.DirectMethodHandleAccessor.invoke(DirectMethodHandleAccessor.java:103)
	at java.base/java.lang.reflect.Method.invoke(Method.java:580)
	at org.junit.platform.commons.util.ReflectionUtils.invokeMethod(ReflectionUtils.java:727)
	at org.junit.jupiter.engine.execution.MethodInvocation.proceed(MethodInvocation.java:60)
	at org.junit.jupiter.engine.execution.InvocationInterceptorChain$ValidatingInvocation.proceed(InvocationInterceptorChain.java:131)
	at org.junit.jupiter.engine.extension.TimeoutExtension.intercept(TimeoutExtension.java:156)
	at org.junit.jupiter.engine.extension.TimeoutExtension.interceptTestableMethod(TimeoutExtension.java:147)
	at org.junit.jupiter.engine.extension.TimeoutExtension.interceptTestMethod(TimeoutExtension.java:86)
	at org.junit.jupiter.engine.execution.InterceptingExecutableInvoker$ReflectiveInterceptorCall.lambda$ofVoidMethod$0(InterceptingExecutableInvoker.java:103)
	at org.junit.jupiter.engine.execution.InterceptingExecutableInvoker.lambda$invoke$0(InterceptingExecutableInvoker.java:93)
	at org.junit.jupiter.engine.execution.InvocationInterceptorChain$InterceptedInvocation.proceed(InvocationInterceptorChain.java:106)
	at org.junit.jupiter.engine.execution.InvocationInterceptorChain.proceed(InvocationInterceptorChain.java:64)
	at org.junit.jupiter.engine.execution.InvocationInterceptorChain.chainAndInvoke(InvocationInterceptorChain.java:45)
	at org.junit.jupiter.engine.execution.InvocationInterceptorChain.invoke(InvocationInterceptorChain.java:37)
	at org.junit.jupiter.engine.execution.InterceptingExecutableInvoker.invoke(InterceptingExecutableInvoker.java:92)
	at org.junit.jupiter.engine.execution.InterceptingExecutableInvoker.invoke(InterceptingExecutableInvoker.java:86)
	at org.junit.jupiter.engine.descriptor.TestMethodTestDescriptor.lambda$invokeTestMethod$7(TestMethodTestDescriptor.java:217)
	at org.junit.platform.engine.support.hierarchical.ThrowableCollector.execute(ThrowableCollector.java:73)
	at org.junit.jupiter.engine.descriptor.TestMethodTestDescriptor.invokeTestMethod(TestMethodTestDescriptor.java:213)
	at org.junit.jupiter.engine.descriptor.TestMethodTestDescriptor.execute(TestMethodTestDescriptor.java:138)
	at org.junit.jupiter.engine.descriptor.TestMethodTestDescriptor.execute(TestMethodTestDescriptor.java:68)
	at org.junit.platform.engine.support.hierarchical.NodeTestTask.lambda$executeRecursively$6(NodeTestTask.java:151)
	at org.junit.platform.engine.support.hierarchical.ThrowableCollector.execute(ThrowableCollector.java:73)
	at org.junit.platform.engine.support.hierarchical.NodeTestTask.lambda$executeRecursively$8(NodeTestTask.java:141)
	at org.junit.platform.engine.support.hierarchical.Node.around(Node.java:137)
	at org.junit.platform.engine.support.hierarchical.NodeTestTask.lambda$executeRecursively$9(NodeTestTask.java:139)
	at org.junit.platform.engine.support.hierarchical.ThrowableCollector.execute(ThrowableCollector.java:73)
	at org.junit.platform.engine.support.hierarchical.NodeTestTask.executeRecursively(NodeTestTask.java:138)
	at org.junit.platform.engine.support.hierarchical.NodeTestTask.execute(NodeTestTask.java:95)
	at java.base/java.util.ArrayList.forEach(ArrayList.java:1596)
	at org.junit.platform.engine.support.hierarchical.SameThreadHierarchicalTestExecutorService.invokeAll(SameThreadHierarchicalTestExecutorService.java:41)
	at org.junit.platform.engine.support.hierarchical.NodeTestTask.lambda$executeRecursively$6(NodeTestTask.java:155)
	at org.junit.platform.engine.support.hierarchical.ThrowableCollector.execute(ThrowableCollector.java:73)
	at org.junit.platform.engine.support.hierarchical.NodeTestTask.lambda$executeRecursively$8(NodeTestTask.java:141)
	at org.junit.platform.engine.support.hierarchical.Node.around(Node.java:137)
	at org.junit.platform.engine.support.hierarchical.NodeTestTask.lambda$executeRecursively$9(NodeTestTask.java:139)
	at org.junit.platform.engine.support.hierarchical.ThrowableCollector.execute(ThrowableCollector.java:73)
	at org.junit.platform.engine.support.hierarchical.NodeTestTask.executeRecursively(NodeTestTask.java:138)
	at org.junit.platform.engine.support.hierarchical.NodeTestTask.execute(NodeTestTask.java:95)
	at java.base/java.util.ArrayList.forEach(ArrayList.java:1596)
	at org.junit.platform.engine.support.hierarchical.SameThreadHierarchicalTestExecutorService.invokeAll(SameThreadHierarchicalTestExecutorService.java:41)
	at org.junit.platform.engine.support.hierarchical.NodeTestTask.lambda$executeRecursively$6(NodeTestTask.java:155)
	at org.junit.platform.engine.support.hierarchical.ThrowableCollector.execute(ThrowableCollector.java:73)
	at org.junit.platform.engine.support.hierarchical.NodeTestTask.lambda$executeRecursively$8(NodeTestTask.java:141)
	at org.junit.platform.engine.support.hierarchical.Node.around(Node.java:137)
	at org.junit.platform.engine.support.hierarchical.NodeTestTask.lambda$executeRecursively$9(NodeTestTask.java:139)
	at org.junit.platform.engine.support.hierarchical.ThrowableCollector.execute(ThrowableCollector.java:73)
	at org.junit.platform.engine.support.hierarchical.NodeTestTask.executeRecursively(NodeTestTask.java:138)
	at org.junit.platform.engine.support.hierarchical.NodeTestTask.execute(NodeTestTask.java:95)
	at org.junit.platform.engine.support.hierarchical.SameThreadHierarchicalTestExecutorService.submit(SameThreadHierarchicalTestExecutorService.java:35)
	at org.junit.platform.engine.support.hierarchical.HierarchicalTestExecutor.execute(HierarchicalTestExecutor.java:57)
	at org.junit.platform.engine.support.hierarchical.HierarchicalTestEngine.execute(HierarchicalTestEngine.java:54)
	at org.junit.platform.launcher.core.EngineExecutionOrchestrator.execute(EngineExecutionOrchestrator.java:147)
	at org.junit.platform.launcher.core.EngineExecutionOrchestrator.execute(EngineExecutionOrchestrator.java:127)
	at org.junit.platform.launcher.core.EngineExecutionOrchestrator.execute(EngineExecutionOrchestrator.java:90)
	at org.junit.platform.launcher.core.EngineExecutionOrchestrator.lambda$execute$0(EngineExecutionOrchestrator.java:55)
	at org.junit.platform.launcher.core.EngineExecutionOrchestrator.withInterceptedStreams(EngineExecutionOrchestrator.java:102)
	at org.junit.platform.launcher.core.EngineExecutionOrchestrator.execute(EngineExecutionOrchestrator.java:54)
	at org.junit.platform.launcher.core.DefaultLauncher.execute(DefaultLauncher.java:114)
	at org.junit.platform.launcher.core.DefaultLauncher.execute(DefaultLauncher.java:86)
	at org.junit.platform.launcher.core.DefaultLauncherSession$DelegatingLauncher.execute(DefaultLauncherSession.java:86)
	at org.apache.maven.surefire.junitplatform.LazyLauncher.execute(LazyLauncher.java:50)
	at org.apache.maven.surefire.junitplatform.JUnitPlatformProvider.execute(JUnitPlatformProvider.java:184)
	at org.apache.maven.surefire.junitplatform.JUnitPlatformProvider.invokeAllTests(JUnitPlatformProvider.java:148)
	at org.apache.maven.surefire.junitplatform.JUnitPlatformProvider.invoke(JUnitPlatformProvider.java:122)
	at org.apache.maven.surefire.booter.ForkedBooter.runSuitesInProcess(ForkedBooter.java:385)
	at org.apache.maven.surefire.booter.ForkedBooter.execute(ForkedBooter.java:162)
	at org.apache.maven.surefire.booter.ForkedBooter.run(ForkedBooter.java:507)
	at org.apache.maven.surefire.booter.ForkedBooter.main(ForkedBooter.java:495)
Caused by: java.lang.RuntimeException: Erreur lors de l'enregistrement de la vente: not implemented by SQLite JDBC driver
	at com.poissonnerie.controller.VenteController.enregistrerVente(VenteController.java:296)
	at com.poissonnerie.test.TestVente.lambda$testValidationVenteValide$0(TestVente.java:123)
	at org.junit.jupiter.api.AssertDoesNotThrow.assertDoesNotThrow(AssertDoesNotThrow.java:49)
	... 72 more
Caused by: java.sql.SQLFeatureNotSupportedException: not implemented by SQLite JDBC driver
	at org.sqlite.jdbc3.JDBC3PreparedStatement.unsupported(JDBC3PreparedStatement.java:448)
	at org.sqlite.jdbc3.JDBC3Statement.getGeneratedKeys(JDBC3Statement.java:361)
	at com.poissonnerie.controller.VenteController.insererVente(VenteController.java:343)
	at com.poissonnerie.controller.VenteController.enregistrerVente(VenteController.java:273)
	... 74 more
]]></failure>
    <system-err><![CDATA[Jan 18, 2025 11:25:52 PM com.poissonnerie.util.DatabaseManager needsNewConnection
WARNING: Connexion détectée comme invalide ou fermée
Jan 18, 2025 11:25:52 PM com.poissonnerie.util.DatabaseManager initializeConnection
INFO: Initialisation d'une nouvelle connexion à la base de données
Jan 18, 2025 11:25:52 PM com.poissonnerie.util.DatabaseManager initializeConnection
INFO: Configuration des PRAGMA SQLite effectuée
Jan 18, 2025 11:25:52 PM com.poissonnerie.util.DatabaseManager initializeConnection
INFO: Connexion à la base de données établie avec succès
Jan 18, 2025 11:25:52 PM com.poissonnerie.controller.VenteController initializeDatabase
INFO: Initialisation des tables de la base de données...
Jan 18, 2025 11:25:52 PM com.poissonnerie.util.DatabaseManager needsNewConnection
WARNING: Connexion détectée comme invalide ou fermée
Jan 18, 2025 11:25:52 PM com.poissonnerie.util.DatabaseManager initializeConnection
INFO: Initialisation d'une nouvelle connexion à la base de données
Jan 18, 2025 11:25:52 PM com.poissonnerie.util.DatabaseManager initializeConnection
INFO: Configuration des PRAGMA SQLite effectuée
Jan 18, 2025 11:25:52 PM com.poissonnerie.util.DatabaseManager initializeConnection
INFO: Connexion à la base de données établie avec succès
Jan 18, 2025 11:25:52 PM com.poissonnerie.controller.VenteController initializeDatabase
INFO: Tables mises à jour avec succès
Jan 18, 2025 11:25:52 PM com.poissonnerie.model.Vente setLignes
INFO: Mise à jour des lignes de la vente 1: 1 lignes
Jan 18, 2025 11:25:52 PM com.poissonnerie.controller.VenteController enregistrerVente
INFO: Début de l'enregistrement de la vente...
Jan 18, 2025 11:25:52 PM com.poissonnerie.controller.VenteController validateVente
INFO: Début de la validation de la vente...
Jan 18, 2025 11:25:52 PM com.poissonnerie.controller.VenteController validateVente
INFO: Validation de la vente réussie
Jan 18, 2025 11:25:52 PM com.poissonnerie.util.DatabaseManager needsNewConnection
WARNING: Connexion détectée comme invalide ou fermée
Jan 18, 2025 11:25:52 PM com.poissonnerie.util.DatabaseManager initializeConnection
INFO: Initialisation d'une nouvelle connexion à la base de données
Jan 18, 2025 11:25:52 PM com.poissonnerie.util.DatabaseManager initializeConnection
INFO: Configuration des PRAGMA SQLite effectuée
Jan 18, 2025 11:25:52 PM com.poissonnerie.util.DatabaseManager initializeConnection
INFO: Connexion à la base de données établie avec succès
Jan 18, 2025 11:25:52 PM com.poissonnerie.controller.VenteController enregistrerVente
SEVERE: Erreur SQL lors de l'enregistrement de la vente
java.sql.SQLFeatureNotSupportedException: not implemented by SQLite JDBC driver
	at org.sqlite.jdbc3.JDBC3PreparedStatement.unsupported(JDBC3PreparedStatement.java:448)
	at org.sqlite.jdbc3.JDBC3Statement.getGeneratedKeys(JDBC3Statement.java:361)
	at com.poissonnerie.controller.VenteController.insererVente(VenteController.java:343)
	at com.poissonnerie.controller.VenteController.enregistrerVente(VenteController.java:273)
	at com.poissonnerie.test.TestVente.lambda$testValidationVenteValide$0(TestVente.java:123)
	at org.junit.jupiter.api.AssertDoesNotThrow.assertDoesNotThrow(AssertDoesNotThrow.java:49)
	at org.junit.jupiter.api.AssertDoesNotThrow.assertDoesNotThrow(AssertDoesNotThrow.java:40)
	at org.junit.jupiter.api.Assertions.assertDoesNotThrow(Assertions.java:3155)
	at com.poissonnerie.test.TestVente.testValidationVenteValide(TestVente.java:122)
	at java.base/jdk.internal.reflect.DirectMethodHandleAccessor.invoke(DirectMethodHandleAccessor.java:103)
	at java.base/java.lang.reflect.Method.invoke(Method.java:580)
	at org.junit.platform.commons.util.ReflectionUtils.invokeMethod(ReflectionUtils.java:727)
	at org.junit.jupiter.engine.execution.MethodInvocation.proceed(MethodInvocation.java:60)
	at org.junit.jupiter.engine.execution.InvocationInterceptorChain$ValidatingInvocation.proceed(InvocationInterceptorChain.java:131)
	at org.junit.jupiter.engine.extension.TimeoutExtension.intercept(TimeoutExtension.java:156)
	at org.junit.jupiter.engine.extension.TimeoutExtension.interceptTestableMethod(TimeoutExtension.java:147)
	at org.junit.jupiter.engine.extension.TimeoutExtension.interceptTestMethod(TimeoutExtension.java:86)
	at org.junit.jupiter.engine.execution.InterceptingExecutableInvoker$ReflectiveInterceptorCall.lambda$ofVoidMethod$0(InterceptingExecutableInvoker.java:103)
	at org.junit.jupiter.engine.execution.InterceptingExecutableInvoker.lambda$invoke$0(InterceptingExecutableInvoker.java:93)
	at org.junit.jupiter.engine.execution.InvocationInterceptorChain$InterceptedInvocation.proceed(InvocationInterceptorChain.java:106)
	at org.junit.jupiter.engine.execution.InvocationInterceptorChain.proceed(InvocationInterceptorChain.java:64)
	at org.junit.jupiter.engine.execution.InvocationInterceptorChain.chainAndInvoke(InvocationInterceptorChain.java:45)
	at org.junit.jupiter.engine.execution.InvocationInterceptorChain.invoke(InvocationInterceptorChain.java:37)
	at org.junit.jupiter.engine.execution.InterceptingExecutableInvoker.invoke(InterceptingExecutableInvoker.java:92)
	at org.junit.jupiter.engine.execution.InterceptingExecutableInvoker.invoke(InterceptingExecutableInvoker.java:86)
	at org.junit.jupiter.engine.descriptor.TestMethodTestDescriptor.lambda$invokeTestMethod$7(TestMethodTestDescriptor.java:217)
	at org.junit.platform.engine.support.hierarchical.ThrowableCollector.execute(ThrowableCollector.java:73)
	at org.junit.jupiter.engine.descriptor.TestMethodTestDescriptor.invokeTestMethod(TestMethodTestDescriptor.java:213)
	at org.junit.jupiter.engine.descriptor.TestMethodTestDescriptor.execute(TestMethodTestDescriptor.java:138)
	at org.junit.jupiter.engine.descriptor.TestMethodTestDescriptor.execute(TestMethodTestDescriptor.java:68)
	at org.junit.platform.engine.support.hierarchical.NodeTestTask.lambda$executeRecursively$6(NodeTestTask.java:151)
	at org.junit.platform.engine.support.hierarchical.ThrowableCollector.execute(ThrowableCollector.java:73)
	at org.junit.platform.engine.support.hierarchical.NodeTestTask.lambda$executeRecursively$8(NodeTestTask.java:141)
	at org.junit.platform.engine.support.hierarchical.Node.around(Node.java:137)
	at org.junit.platform.engine.support.hierarchical.NodeTestTask.lambda$executeRecursively$9(NodeTestTask.java:139)
	at org.junit.platform.engine.support.hierarchical.ThrowableCollector.execute(ThrowableCollector.java:73)
	at org.junit.platform.engine.support.hierarchical.NodeTestTask.executeRecursively(NodeTestTask.java:138)
	at org.junit.platform.engine.support.hierarchical.NodeTestTask.execute(NodeTestTask.java:95)
	at java.base/java.util.ArrayList.forEach(ArrayList.java:1596)
	at org.junit.platform.engine.support.hierarchical.SameThreadHierarchicalTestExecutorService.invokeAll(SameThreadHierarchicalTestExecutorService.java:41)
	at org.junit.platform.engine.support.hierarchical.NodeTestTask.lambda$executeRecursively$6(NodeTestTask.java:155)
	at org.junit.platform.engine.support.hierarchical.ThrowableCollector.execute(ThrowableCollector.java:73)
	at org.junit.platform.engine.support.hierarchical.NodeTestTask.lambda$executeRecursively$8(NodeTestTask.java:141)
	at org.junit.platform.engine.support.hierarchical.Node.around(Node.java:137)
	at org.junit.platform.engine.support.hierarchical.NodeTestTask.lambda$executeRecursively$9(NodeTestTask.java:139)
	at org.junit.platform.engine.support.hierarchical.ThrowableCollector.execute(ThrowableCollector.java:73)
	at org.junit.platform.engine.support.hierarchical.NodeTestTask.executeRecursively(NodeTestTask.java:138)
	at org.junit.platform.engine.support.hierarchical.NodeTestTask.execute(NodeTestTask.java:95)
	at java.base/java.util.ArrayList.forEach(ArrayList.java:1596)
	at org.junit.platform.engine.support.hierarchical.SameThreadHierarchicalTestExecutorService.invokeAll(SameThreadHierarchicalTestExecutorService.java:41)
	at org.junit.platform.engine.support.hierarchical.NodeTestTask.lambda$executeRecursively$6(NodeTestTask.java:155)
	at org.junit.platform.engine.support.hierarchical.ThrowableCollector.execute(ThrowableCollector.java:73)
	at org.junit.platform.engine.support.hierarchical.NodeTestTask.lambda$executeRecursively$8(NodeTestTask.java:141)
	at org.junit.platform.engine.support.hierarchical.Node.around(Node.java:137)
	at org.junit.platform.engine.support.hierarchical.NodeTestTask.lambda$executeRecursively$9(NodeTestTask.java:139)
	at org.junit.platform.engine.support.hierarchical.ThrowableCollector.execute(ThrowableCollector.java:73)
	at org.junit.platform.engine.support.hierarchical.NodeTestTask.executeRecursively(NodeTestTask.java:138)
	at org.junit.platform.engine.support.hierarchical.NodeTestTask.execute(NodeTestTask.java:95)
	at org.junit.platform.engine.support.hierarchical.SameThreadHierarchicalTestExecutorService.submit(SameThreadHierarchicalTestExecutorService.java:35)
	at org.junit.platform.engine.support.hierarchical.HierarchicalTestExecutor.execute(HierarchicalTestExecutor.java:57)
	at org.junit.platform.engine.support.hierarchical.HierarchicalTestEngine.execute(HierarchicalTestEngine.java:54)
	at org.junit.platform.launcher.core.EngineExecutionOrchestrator.execute(EngineExecutionOrchestrator.java:147)
	at org.junit.platform.launcher.core.EngineExecutionOrchestrator.execute(EngineExecutionOrchestrator.java:127)
	at org.junit.platform.launcher.core.EngineExecutionOrchestrator.execute(EngineExecutionOrchestrator.java:90)
	at org.junit.platform.launcher.core.EngineExecutionOrchestrator.lambda$execute$0(EngineExecutionOrchestrator.java:55)
	at org.junit.platform.launcher.core.EngineExecutionOrchestrator.withInterceptedStreams(EngineExecutionOrchestrator.java:102)
	at org.junit.platform.launcher.core.EngineExecutionOrchestrator.execute(EngineExecutionOrchestrator.java:54)
	at org.junit.platform.launcher.core.DefaultLauncher.execute(DefaultLauncher.java:114)
	at org.junit.platform.launcher.core.DefaultLauncher.execute(DefaultLauncher.java:86)
	at org.junit.platform.launcher.core.DefaultLauncherSession$DelegatingLauncher.execute(DefaultLauncherSession.java:86)
	at org.apache.maven.surefire.junitplatform.LazyLauncher.execute(LazyLauncher.java:50)
	at org.apache.maven.surefire.junitplatform.JUnitPlatformProvider.execute(JUnitPlatformProvider.java:184)
	at org.apache.maven.surefire.junitplatform.JUnitPlatformProvider.invokeAllTests(JUnitPlatformProvider.java:148)
	at org.apache.maven.surefire.junitplatform.JUnitPlatformProvider.invoke(JUnitPlatformProvider.java:122)
	at org.apache.maven.surefire.booter.ForkedBooter.runSuitesInProcess(ForkedBooter.java:385)
	at org.apache.maven.surefire.booter.ForkedBooter.execute(ForkedBooter.java:162)
	at org.apache.maven.surefire.booter.ForkedBooter.run(ForkedBooter.java:507)
	at org.apache.maven.surefire.booter.ForkedBooter.main(ForkedBooter.java:495)

Jan 18, 2025 11:25:52 PM com.poissonnerie.controller.VenteController enregistrerVente
WARNING: Tentative 1 échouée, nouvelle tentative dans 1000ms
Jan 18, 2025 11:25:53 PM com.poissonnerie.util.DatabaseManager needsNewConnection
WARNING: Connexion détectée comme invalide ou fermée
Jan 18, 2025 11:25:53 PM com.poissonnerie.util.DatabaseManager initializeConnection
INFO: Initialisation d'une nouvelle connexion à la base de données
Jan 18, 2025 11:25:53 PM com.poissonnerie.util.DatabaseManager initializeConnection
INFO: Configuration des PRAGMA SQLite effectuée
Jan 18, 2025 11:25:53 PM com.poissonnerie.util.DatabaseManager initializeConnection
INFO: Connexion à la base de données établie avec succès
Jan 18, 2025 11:25:53 PM com.poissonnerie.controller.VenteController enregistrerVente
SEVERE: Erreur SQL lors de l'enregistrement de la vente
java.sql.SQLFeatureNotSupportedException: not implemented by SQLite JDBC driver
	at org.sqlite.jdbc3.JDBC3PreparedStatement.unsupported(JDBC3PreparedStatement.java:448)
	at org.sqlite.jdbc3.JDBC3Statement.getGeneratedKeys(JDBC3Statement.java:361)
	at com.poissonnerie.controller.VenteController.insererVente(VenteController.java:343)
	at com.poissonnerie.controller.VenteController.enregistrerVente(VenteController.java:273)
	at com.poissonnerie.test.TestVente.lambda$testValidationVenteValide$0(TestVente.java:123)
	at org.junit.jupiter.api.AssertDoesNotThrow.assertDoesNotThrow(AssertDoesNotThrow.java:49)
	at org.junit.jupiter.api.AssertDoesNotThrow.assertDoesNotThrow(AssertDoesNotThrow.java:40)
	at org.junit.jupiter.api.Assertions.assertDoesNotThrow(Assertions.java:3155)
	at com.poissonnerie.test.TestVente.testValidationVenteValide(TestVente.java:122)
	at java.base/jdk.internal.reflect.DirectMethodHandleAccessor.invoke(DirectMethodHandleAccessor.java:103)
	at java.base/java.lang.reflect.Method.invoke(Method.java:580)
	at org.junit.platform.commons.util.ReflectionUtils.invokeMethod(ReflectionUtils.java:727)
	at org.junit.jupiter.engine.execution.MethodInvocation.proceed(MethodInvocation.java:60)
	at org.junit.jupiter.engine.execution.InvocationInterceptorChain$ValidatingInvocation.proceed(InvocationInterceptorChain.java:131)
	at org.junit.jupiter.engine.extension.TimeoutExtension.intercept(TimeoutExtension.java:156)
	at org.junit.jupiter.engine.extension.TimeoutExtension.interceptTestableMethod(TimeoutExtension.java:147)
	at org.junit.jupiter.engine.extension.TimeoutExtension.interceptTestMethod(TimeoutExtension.java:86)
	at org.junit.jupiter.engine.execution.InterceptingExecutableInvoker$ReflectiveInterceptorCall.lambda$ofVoidMethod$0(InterceptingExecutableInvoker.java:103)
	at org.junit.jupiter.engine.execution.InterceptingExecutableInvoker.lambda$invoke$0(InterceptingExecutableInvoker.java:93)
	at org.junit.jupiter.engine.execution.InvocationInterceptorChain$InterceptedInvocation.proceed(InvocationInterceptorChain.java:106)
	at org.junit.jupiter.engine.execution.InvocationInterceptorChain.proceed(InvocationInterceptorChain.java:64)
	at org.junit.jupiter.engine.execution.InvocationInterceptorChain.chainAndInvoke(InvocationInterceptorChain.java:45)
	at org.junit.jupiter.engine.execution.InvocationInterceptorChain.invoke(InvocationInterceptorChain.java:37)
	at org.junit.jupiter.engine.execution.InterceptingExecutableInvoker.invoke(InterceptingExecutableInvoker.java:92)
	at org.junit.jupiter.engine.execution.InterceptingExecutableInvoker.invoke(InterceptingExecutableInvoker.java:86)
	at org.junit.jupiter.engine.descriptor.TestMethodTestDescriptor.lambda$invokeTestMethod$7(TestMethodTestDescriptor.java:217)
	at org.junit.platform.engine.support.hierarchical.ThrowableCollector.execute(ThrowableCollector.java:73)
	at org.junit.jupiter.engine.descriptor.TestMethodTestDescriptor.invokeTestMethod(TestMethodTestDescriptor.java:213)
	at org.junit.jupiter.engine.descriptor.TestMethodTestDescriptor.execute(TestMethodTestDescriptor.java:138)
	at org.junit.jupiter.engine.descriptor.TestMethodTestDescriptor.execute(TestMethodTestDescriptor.java:68)
	at org.junit.platform.engine.support.hierarchical.NodeTestTask.lambda$executeRecursively$6(NodeTestTask.java:151)
	at org.junit.platform.engine.support.hierarchical.ThrowableCollector.execute(ThrowableCollector.java:73)
	at org.junit.platform.engine.support.hierarchical.NodeTestTask.lambda$executeRecursively$8(NodeTestTask.java:141)
	at org.junit.platform.engine.support.hierarchical.Node.around(Node.java:137)
	at org.junit.platform.engine.support.hierarchical.NodeTestTask.lambda$executeRecursively$9(NodeTestTask.java:139)
	at org.junit.platform.engine.support.hierarchical.ThrowableCollector.execute(ThrowableCollector.java:73)
	at org.junit.platform.engine.support.hierarchical.NodeTestTask.executeRecursively(NodeTestTask.java:138)
	at org.junit.platform.engine.support.hierarchical.NodeTestTask.execute(NodeTestTask.java:95)
	at java.base/java.util.ArrayList.forEach(ArrayList.java:1596)
	at org.junit.platform.engine.support.hierarchical.SameThreadHierarchicalTestExecutorService.invokeAll(SameThreadHierarchicalTestExecutorService.java:41)
	at org.junit.platform.engine.support.hierarchical.NodeTestTask.lambda$executeRecursively$6(NodeTestTask.java:155)
	at org.junit.platform.engine.support.hierarchical.ThrowableCollector.execute(ThrowableCollector.java:73)
	at org.junit.platform.engine.support.hierarchical.NodeTestTask.lambda$executeRecursively$8(NodeTestTask.java:141)
	at org.junit.platform.engine.support.hierarchical.Node.around(Node.java:137)
	at org.junit.platform.engine.support.hierarchical.NodeTestTask.lambda$executeRecursively$9(NodeTestTask.java:139)
	at org.junit.platform.engine.support.hierarchical.ThrowableCollector.execute(ThrowableCollector.java:73)
	at org.junit.platform.engine.support.hierarchical.NodeTestTask.executeRecursively(NodeTestTask.java:138)
	at org.junit.platform.engine.support.hierarchical.NodeTestTask.execute(NodeTestTask.java:95)
	at java.base/java.util.ArrayList.forEach(ArrayList.java:1596)
	at org.junit.platform.engine.support.hierarchical.SameThreadHierarchicalTestExecutorService.invokeAll(SameThreadHierarchicalTestExecutorService.java:41)
	at org.junit.platform.engine.support.hierarchical.NodeTestTask.lambda$executeRecursively$6(NodeTestTask.java:155)
	at org.junit.platform.engine.support.hierarchical.ThrowableCollector.execute(ThrowableCollector.java:73)
	at org.junit.platform.engine.support.hierarchical.NodeTestTask.lambda$executeRecursively$8(NodeTestTask.java:141)
	at org.junit.platform.engine.support.hierarchical.Node.around(Node.java:137)
	at org.junit.platform.engine.support.hierarchical.NodeTestTask.lambda$executeRecursively$9(NodeTestTask.java:139)
	at org.junit.platform.engine.support.hierarchical.ThrowableCollector.execute(ThrowableCollector.java:73)
	at org.junit.platform.engine.support.hierarchical.NodeTestTask.executeRecursively(NodeTestTask.java:138)
	at org.junit.platform.engine.support.hierarchical.NodeTestTask.execute(NodeTestTask.java:95)
	at org.junit.platform.engine.support.hierarchical.SameThreadHierarchicalTestExecutorService.submit(SameThreadHierarchicalTestExecutorService.java:35)
	at org.junit.platform.engine.support.hierarchical.HierarchicalTestExecutor.execute(HierarchicalTestExecutor.java:57)
	at org.junit.platform.engine.support.hierarchical.HierarchicalTestEngine.execute(HierarchicalTestEngine.java:54)
	at org.junit.platform.launcher.core.EngineExecutionOrchestrator.execute(EngineExecutionOrchestrator.java:147)
	at org.junit.platform.launcher.core.EngineExecutionOrchestrator.execute(EngineExecutionOrchestrator.java:127)
	at org.junit.platform.launcher.core.EngineExecutionOrchestrator.execute(EngineExecutionOrchestrator.java:90)
	at org.junit.platform.launcher.core.EngineExecutionOrchestrator.lambda$execute$0(EngineExecutionOrchestrator.java:55)
	at org.junit.platform.launcher.core.EngineExecutionOrchestrator.withInterceptedStreams(EngineExecutionOrchestrator.java:102)
	at org.junit.platform.launcher.core.EngineExecutionOrchestrator.execute(EngineExecutionOrchestrator.java:54)
	at org.junit.platform.launcher.core.DefaultLauncher.execute(DefaultLauncher.java:114)
	at org.junit.platform.launcher.core.DefaultLauncher.execute(DefaultLauncher.java:86)
	at org.junit.platform.launcher.core.DefaultLauncherSession$DelegatingLauncher.execute(DefaultLauncherSession.java:86)
	at org.apache.maven.surefire.junitplatform.LazyLauncher.execute(LazyLauncher.java:50)
	at org.apache.maven.surefire.junitplatform.JUnitPlatformProvider.execute(JUnitPlatformProvider.java:184)
	at org.apache.maven.surefire.junitplatform.JUnitPlatformProvider.invokeAllTests(JUnitPlatformProvider.java:148)
	at org.apache.maven.surefire.junitplatform.JUnitPlatformProvider.invoke(JUnitPlatformProvider.java:122)
	at org.apache.maven.surefire.booter.ForkedBooter.runSuitesInProcess(ForkedBooter.java:385)
	at org.apache.maven.surefire.booter.ForkedBooter.execute(ForkedBooter.java:162)
	at org.apache.maven.surefire.booter.ForkedBooter.run(ForkedBooter.java:507)
	at org.apache.maven.surefire.booter.ForkedBooter.main(ForkedBooter.java:495)

Jan 18, 2025 11:25:53 PM com.poissonnerie.controller.VenteController enregistrerVente
WARNING: Tentative 2 échouée, nouvelle tentative dans 1000ms
Jan 18, 2025 11:25:54 PM com.poissonnerie.util.DatabaseManager needsNewConnection
WARNING: Connexion détectée comme invalide ou fermée
Jan 18, 2025 11:25:54 PM com.poissonnerie.util.DatabaseManager initializeConnection
INFO: Initialisation d'une nouvelle connexion à la base de données
Jan 18, 2025 11:25:54 PM com.poissonnerie.util.DatabaseManager initializeConnection
INFO: Configuration des PRAGMA SQLite effectuée
Jan 18, 2025 11:25:54 PM com.poissonnerie.util.DatabaseManager initializeConnection
INFO: Connexion à la base de données établie avec succès
Jan 18, 2025 11:25:54 PM com.poissonnerie.controller.VenteController enregistrerVente
SEVERE: Erreur SQL lors de l'enregistrement de la vente
java.sql.SQLFeatureNotSupportedException: not implemented by SQLite JDBC driver
	at org.sqlite.jdbc3.JDBC3PreparedStatement.unsupported(JDBC3PreparedStatement.java:448)
	at org.sqlite.jdbc3.JDBC3Statement.getGeneratedKeys(JDBC3Statement.java:361)
	at com.poissonnerie.controller.VenteController.insererVente(VenteController.java:343)
	at com.poissonnerie.controller.VenteController.enregistrerVente(VenteController.java:273)
	at com.poissonnerie.test.TestVente.lambda$testValidationVenteValide$0(TestVente.java:123)
	at org.junit.jupiter.api.AssertDoesNotThrow.assertDoesNotThrow(AssertDoesNotThrow.java:49)
	at org.junit.jupiter.api.AssertDoesNotThrow.assertDoesNotThrow(AssertDoesNotThrow.java:40)
	at org.junit.jupiter.api.Assertions.assertDoesNotThrow(Assertions.java:3155)
	at com.poissonnerie.test.TestVente.testValidationVenteValide(TestVente.java:122)
	at java.base/jdk.internal.reflect.DirectMethodHandleAccessor.invoke(DirectMethodHandleAccessor.java:103)
	at java.base/java.lang.reflect.Method.invoke(Method.java:580)
	at org.junit.platform.commons.util.ReflectionUtils.invokeMethod(ReflectionUtils.java:727)
	at org.junit.jupiter.engine.execution.MethodInvocation.proceed(MethodInvocation.java:60)
	at org.junit.jupiter.engine.execution.InvocationInterceptorChain$ValidatingInvocation.proceed(InvocationInterceptorChain.java:131)
	at org.junit.jupiter.engine.extension.TimeoutExtension.intercept(TimeoutExtension.java:156)
	at org.junit.jupiter.engine.extension.TimeoutExtension.interceptTestableMethod(TimeoutExtension.java:147)
	at org.junit.jupiter.engine.extension.TimeoutExtension.interceptTestMethod(TimeoutExtension.java:86)
	at org.junit.jupiter.engine.execution.InterceptingExecutableInvoker$ReflectiveInterceptorCall.lambda$ofVoidMethod$0(InterceptingExecutableInvoker.java:103)
	at org.junit.jupiter.engine.execution.InterceptingExecutableInvoker.lambda$invoke$0(InterceptingExecutableInvoker.java:93)
	at org.junit.jupiter.engine.execution.InvocationInterceptorChain$InterceptedInvocation.proceed(InvocationInterceptorChain.java:106)
	at org.junit.jupiter.engine.execution.InvocationInterceptorChain.proceed(InvocationInterceptorChain.java:64)
	at org.junit.jupiter.engine.execution.InvocationInterceptorChain.chainAndInvoke(InvocationInterceptorChain.java:45)
	at org.junit.jupiter.engine.execution.InvocationInterceptorChain.invoke(InvocationInterceptorChain.java:37)
	at org.junit.jupiter.engine.execution.InterceptingExecutableInvoker.invoke(InterceptingExecutableInvoker.java:92)
	at org.junit.jupiter.engine.execution.InterceptingExecutableInvoker.invoke(InterceptingExecutableInvoker.java:86)
	at org.junit.jupiter.engine.descriptor.TestMethodTestDescriptor.lambda$invokeTestMethod$7(TestMethodTestDescriptor.java:217)
	at org.junit.platform.engine.support.hierarchical.ThrowableCollector.execute(ThrowableCollector.java:73)
	at org.junit.jupiter.engine.descriptor.TestMethodTestDescriptor.invokeTestMethod(TestMethodTestDescriptor.java:213)
	at org.junit.jupiter.engine.descriptor.TestMethodTestDescriptor.execute(TestMethodTestDescriptor.java:138)
	at org.junit.jupiter.engine.descriptor.TestMethodTestDescriptor.execute(TestMethodTestDescriptor.java:68)
	at org.junit.platform.engine.support.hierarchical.NodeTestTask.lambda$executeRecursively$6(NodeTestTask.java:151)
	at org.junit.platform.engine.support.hierarchical.ThrowableCollector.execute(ThrowableCollector.java:73)
	at org.junit.platform.engine.support.hierarchical.NodeTestTask.lambda$executeRecursively$8(NodeTestTask.java:141)
	at org.junit.platform.engine.support.hierarchical.Node.around(Node.java:137)
	at org.junit.platform.engine.support.hierarchical.NodeTestTask.lambda$executeRecursively$9(NodeTestTask.java:139)
	at org.junit.platform.engine.support.hierarchical.ThrowableCollector.execute(ThrowableCollector.java:73)
	at org.junit.platform.engine.support.hierarchical.NodeTestTask.executeRecursively(NodeTestTask.java:138)
	at org.junit.platform.engine.support.hierarchical.NodeTestTask.execute(NodeTestTask.java:95)
	at java.base/java.util.ArrayList.forEach(ArrayList.java:1596)
	at org.junit.platform.engine.support.hierarchical.SameThreadHierarchicalTestExecutorService.invokeAll(SameThreadHierarchicalTestExecutorService.java:41)
	at org.junit.platform.engine.support.hierarchical.NodeTestTask.lambda$executeRecursively$6(NodeTestTask.java:155)
	at org.junit.platform.engine.support.hierarchical.ThrowableCollector.execute(ThrowableCollector.java:73)
	at org.junit.platform.engine.support.hierarchical.NodeTestTask.lambda$executeRecursively$8(NodeTestTask.java:141)
	at org.junit.platform.engine.support.hierarchical.Node.around(Node.java:137)
	at org.junit.platform.engine.support.hierarchical.NodeTestTask.lambda$executeRecursively$9(NodeTestTask.java:139)
	at org.junit.platform.engine.support.hierarchical.ThrowableCollector.execute(ThrowableCollector.java:73)
	at org.junit.platform.engine.support.hierarchical.NodeTestTask.executeRecursively(NodeTestTask.java:138)
	at org.junit.platform.engine.support.hierarchical.NodeTestTask.execute(NodeTestTask.java:95)
	at java.base/java.util.ArrayList.forEach(ArrayList.java:1596)
	at org.junit.platform.engine.support.hierarchical.SameThreadHierarchicalTestExecutorService.invokeAll(SameThreadHierarchicalTestExecutorService.java:41)
	at org.junit.platform.engine.support.hierarchical.NodeTestTask.lambda$executeRecursively$6(NodeTestTask.java:155)
	at org.junit.platform.engine.support.hierarchical.ThrowableCollector.execute(ThrowableCollector.java:73)
	at org.junit.platform.engine.support.hierarchical.NodeTestTask.lambda$executeRecursively$8(NodeTestTask.java:141)
	at org.junit.platform.engine.support.hierarchical.Node.around(Node.java:137)
	at org.junit.platform.engine.support.hierarchical.NodeTestTask.lambda$executeRecursively$9(NodeTestTask.java:139)
	at org.junit.platform.engine.support.hierarchical.ThrowableCollector.execute(ThrowableCollector.java:73)
	at org.junit.platform.engine.support.hierarchical.NodeTestTask.executeRecursively(NodeTestTask.java:138)
	at org.junit.platform.engine.support.hierarchical.NodeTestTask.execute(NodeTestTask.java:95)
	at org.junit.platform.engine.support.hierarchical.SameThreadHierarchicalTestExecutorService.submit(SameThreadHierarchicalTestExecutorService.java:35)
	at org.junit.platform.engine.support.hierarchical.HierarchicalTestExecutor.execute(HierarchicalTestExecutor.java:57)
	at org.junit.platform.engine.support.hierarchical.HierarchicalTestEngine.execute(HierarchicalTestEngine.java:54)
	at org.junit.platform.launcher.core.EngineExecutionOrchestrator.execute(EngineExecutionOrchestrator.java:147)
	at org.junit.platform.launcher.core.EngineExecutionOrchestrator.execute(EngineExecutionOrchestrator.java:127)
	at org.junit.platform.launcher.core.EngineExecutionOrchestrator.execute(EngineExecutionOrchestrator.java:90)
	at org.junit.platform.launcher.core.EngineExecutionOrchestrator.lambda$execute$0(EngineExecutionOrchestrator.java:55)
	at org.junit.platform.launcher.core.EngineExecutionOrchestrator.withInterceptedStreams(EngineExecutionOrchestrator.java:102)
	at org.junit.platform.launcher.core.EngineExecutionOrchestrator.execute(EngineExecutionOrchestrator.java:54)
	at org.junit.platform.launcher.core.DefaultLauncher.execute(DefaultLauncher.java:114)
	at org.junit.platform.launcher.core.DefaultLauncher.execute(DefaultLauncher.java:86)
	at org.junit.platform.launcher.core.DefaultLauncherSession$DelegatingLauncher.execute(DefaultLauncherSession.java:86)
	at org.apache.maven.surefire.junitplatform.LazyLauncher.execute(LazyLauncher.java:50)
	at org.apache.maven.surefire.junitplatform.JUnitPlatformProvider.execute(JUnitPlatformProvider.java:184)
	at org.apache.maven.surefire.junitplatform.JUnitPlatformProvider.invokeAllTests(JUnitPlatformProvider.java:148)
	at org.apache.maven.surefire.junitplatform.JUnitPlatformProvider.invoke(JUnitPlatformProvider.java:122)
	at org.apache.maven.surefire.booter.ForkedBooter.runSuitesInProcess(ForkedBooter.java:385)
	at org.apache.maven.surefire.booter.ForkedBooter.execute(ForkedBooter.java:162)
	at org.apache.maven.surefire.booter.ForkedBooter.run(ForkedBooter.java:507)
	at org.apache.maven.surefire.booter.ForkedBooter.main(ForkedBooter.java:495)

]]></system-err>
  </testcase>
  <testcase name="testValidationVenteCreditSansClient" classname="com.poissonnerie.test.TestVente" time="0.088">
    <system-err><![CDATA[Jan 18, 2025 11:25:54 PM com.poissonnerie.util.DatabaseManager needsNewConnection
WARNING: Connexion détectée comme invalide ou fermée
Jan 18, 2025 11:25:54 PM com.poissonnerie.util.DatabaseManager initializeConnection
INFO: Initialisation d'une nouvelle connexion à la base de données
Jan 18, 2025 11:25:54 PM com.poissonnerie.util.DatabaseManager initializeConnection
INFO: Configuration des PRAGMA SQLite effectuée
Jan 18, 2025 11:25:54 PM com.poissonnerie.util.DatabaseManager initializeConnection
INFO: Connexion à la base de données établie avec succès
Jan 18, 2025 11:25:54 PM com.poissonnerie.controller.VenteController initializeDatabase
INFO: Initialisation des tables de la base de données...
Jan 18, 2025 11:25:54 PM com.poissonnerie.util.DatabaseManager needsNewConnection
WARNING: Connexion détectée comme invalide ou fermée
Jan 18, 2025 11:25:54 PM com.poissonnerie.util.DatabaseManager initializeConnection
INFO: Initialisation d'une nouvelle connexion à la base de données
Jan 18, 2025 11:25:54 PM com.poissonnerie.util.DatabaseManager initializeConnection
INFO: Configuration des PRAGMA SQLite effectuée
Jan 18, 2025 11:25:54 PM com.poissonnerie.util.DatabaseManager initializeConnection
INFO: Connexion à la base de données établie avec succès
Jan 18, 2025 11:25:54 PM com.poissonnerie.controller.VenteController initializeDatabase
INFO: Tables mises à jour avec succès
Jan 18, 2025 11:25:54 PM com.poissonnerie.model.Vente setLignes
INFO: Mise à jour des lignes de la vente 1: 1 lignes
]]></system-err>
  </testcase>
  <testcase name="testCopieDefensiveListeLignes" classname="com.poissonnerie.test.TestVente" time="0.088">
    <system-err><![CDATA[Jan 18, 2025 11:25:54 PM com.poissonnerie.util.DatabaseManager needsNewConnection
WARNING: Connexion détectée comme invalide ou fermée
Jan 18, 2025 11:25:54 PM com.poissonnerie.util.DatabaseManager initializeConnection
INFO: Initialisation d'une nouvelle connexion à la base de données
Jan 18, 2025 11:25:54 PM com.poissonnerie.util.DatabaseManager initializeConnection
INFO: Configuration des PRAGMA SQLite effectuée
Jan 18, 2025 11:25:54 PM com.poissonnerie.util.DatabaseManager initializeConnection
INFO: Connexion à la base de données établie avec succès
Jan 18, 2025 11:25:54 PM com.poissonnerie.controller.VenteController initializeDatabase
INFO: Initialisation des tables de la base de données...
Jan 18, 2025 11:25:54 PM com.poissonnerie.util.DatabaseManager needsNewConnection
WARNING: Connexion détectée comme invalide ou fermée
Jan 18, 2025 11:25:54 PM com.poissonnerie.util.DatabaseManager initializeConnection
INFO: Initialisation d'une nouvelle connexion à la base de données
Jan 18, 2025 11:25:54 PM com.poissonnerie.util.DatabaseManager initializeConnection
INFO: Configuration des PRAGMA SQLite effectuée
Jan 18, 2025 11:25:54 PM com.poissonnerie.util.DatabaseManager initializeConnection
INFO: Connexion à la base de données établie avec succès
Jan 18, 2025 11:25:54 PM com.poissonnerie.controller.VenteController initializeDatabase
INFO: Tables mises à jour avec succès
Jan 18, 2025 11:25:54 PM com.poissonnerie.model.Vente setLignes
INFO: Mise à jour des lignes de la vente 1: 1 lignes
]]></system-err>
  </testcase>
  <testcase name="testValidationTotalCalcule" classname="com.poissonnerie.test.TestVente" time="0.091">
    <system-err><![CDATA[Jan 18, 2025 11:25:54 PM com.poissonnerie.util.DatabaseManager needsNewConnection
WARNING: Connexion détectée comme invalide ou fermée
Jan 18, 2025 11:25:54 PM com.poissonnerie.util.DatabaseManager initializeConnection
INFO: Initialisation d'une nouvelle connexion à la base de données
Jan 18, 2025 11:25:54 PM com.poissonnerie.util.DatabaseManager initializeConnection
INFO: Configuration des PRAGMA SQLite effectuée
Jan 18, 2025 11:25:54 PM com.poissonnerie.util.DatabaseManager initializeConnection
INFO: Connexion à la base de données établie avec succès
Jan 18, 2025 11:25:54 PM com.poissonnerie.controller.VenteController initializeDatabase
INFO: Initialisation des tables de la base de données...
Jan 18, 2025 11:25:54 PM com.poissonnerie.util.DatabaseManager needsNewConnection
WARNING: Connexion détectée comme invalide ou fermée
Jan 18, 2025 11:25:54 PM com.poissonnerie.util.DatabaseManager initializeConnection
INFO: Initialisation d'une nouvelle connexion à la base de données
Jan 18, 2025 11:25:54 PM com.poissonnerie.util.DatabaseManager initializeConnection
INFO: Configuration des PRAGMA SQLite effectuée
Jan 18, 2025 11:25:54 PM com.poissonnerie.util.DatabaseManager initializeConnection
INFO: Connexion à la base de données établie avec succès
Jan 18, 2025 11:25:54 PM com.poissonnerie.controller.VenteController initializeDatabase
INFO: Tables mises à jour avec succès
Jan 18, 2025 11:25:54 PM com.poissonnerie.model.Vente setLignes
INFO: Mise à jour des lignes de la vente 1: 1 lignes
Jan 18, 2025 11:25:54 PM com.poissonnerie.model.Vente setLignes
INFO: Mise à jour des lignes de la vente 1: 1 lignes
]]></system-err>
  </testcase>
  <testcase name="testValidationDateNull" classname="com.poissonnerie.test.TestVente" time="0.091">
    <system-err><![CDATA[Jan 18, 2025 11:25:54 PM com.poissonnerie.util.DatabaseManager needsNewConnection
WARNING: Connexion détectée comme invalide ou fermée
Jan 18, 2025 11:25:54 PM com.poissonnerie.util.DatabaseManager initializeConnection
INFO: Initialisation d'une nouvelle connexion à la base de données
Jan 18, 2025 11:25:54 PM com.poissonnerie.util.DatabaseManager initializeConnection
INFO: Configuration des PRAGMA SQLite effectuée
Jan 18, 2025 11:25:54 PM com.poissonnerie.util.DatabaseManager initializeConnection
INFO: Connexion à la base de données établie avec succès
Jan 18, 2025 11:25:54 PM com.poissonnerie.controller.VenteController initializeDatabase
INFO: Initialisation des tables de la base de données...
Jan 18, 2025 11:25:54 PM com.poissonnerie.util.DatabaseManager needsNewConnection
WARNING: Connexion détectée comme invalide ou fermée
Jan 18, 2025 11:25:54 PM com.poissonnerie.util.DatabaseManager initializeConnection
INFO: Initialisation d'une nouvelle connexion à la base de données
Jan 18, 2025 11:25:54 PM com.poissonnerie.util.DatabaseManager initializeConnection
INFO: Configuration des PRAGMA SQLite effectuée
Jan 18, 2025 11:25:54 PM com.poissonnerie.util.DatabaseManager initializeConnection
INFO: Connexion à la base de données établie avec succès
Jan 18, 2025 11:25:54 PM com.poissonnerie.controller.VenteController initializeDatabase
INFO: Tables mises à jour avec succès
Jan 18, 2025 11:25:54 PM com.poissonnerie.model.Vente setLignes
INFO: Mise à jour des lignes de la vente 1: 1 lignes
]]></system-err>
  </testcase>
  <testcase name="testCopieDefensiveListeVentes" classname="com.poissonnerie.test.TestVente" time="2.109">
    <error message="Erreur lors de l&apos;enregistrement de la vente: not implemented by SQLite JDBC driver" type="java.lang.RuntimeException"><![CDATA[java.lang.RuntimeException: Erreur lors de l'enregistrement de la vente: not implemented by SQLite JDBC driver
	at com.poissonnerie.controller.VenteController.enregistrerVente(VenteController.java:296)
	at com.poissonnerie.test.TestVente.testCopieDefensiveListeVentes(TestVente.java:201)
	at java.base/jdk.internal.reflect.DirectMethodHandleAccessor.invoke(DirectMethodHandleAccessor.java:103)
	at java.base/java.lang.reflect.Method.invoke(Method.java:580)
	at org.junit.platform.commons.util.ReflectionUtils.invokeMethod(ReflectionUtils.java:727)
	at org.junit.jupiter.engine.execution.MethodInvocation.proceed(MethodInvocation.java:60)
	at org.junit.jupiter.engine.execution.InvocationInterceptorChain$ValidatingInvocation.proceed(InvocationInterceptorChain.java:131)
	at org.junit.jupiter.engine.extension.TimeoutExtension.intercept(TimeoutExtension.java:156)
	at org.junit.jupiter.engine.extension.TimeoutExtension.interceptTestableMethod(TimeoutExtension.java:147)
	at org.junit.jupiter.engine.extension.TimeoutExtension.interceptTestMethod(TimeoutExtension.java:86)
	at org.junit.jupiter.engine.execution.InterceptingExecutableInvoker$ReflectiveInterceptorCall.lambda$ofVoidMethod$0(InterceptingExecutableInvoker.java:103)
	at org.junit.jupiter.engine.execution.InterceptingExecutableInvoker.lambda$invoke$0(InterceptingExecutableInvoker.java:93)
	at org.junit.jupiter.engine.execution.InvocationInterceptorChain$InterceptedInvocation.proceed(InvocationInterceptorChain.java:106)
	at org.junit.jupiter.engine.execution.InvocationInterceptorChain.proceed(InvocationInterceptorChain.java:64)
	at org.junit.jupiter.engine.execution.InvocationInterceptorChain.chainAndInvoke(InvocationInterceptorChain.java:45)
	at org.junit.jupiter.engine.execution.InvocationInterceptorChain.invoke(InvocationInterceptorChain.java:37)
	at org.junit.jupiter.engine.execution.InterceptingExecutableInvoker.invoke(InterceptingExecutableInvoker.java:92)
	at org.junit.jupiter.engine.execution.InterceptingExecutableInvoker.invoke(InterceptingExecutableInvoker.java:86)
	at org.junit.jupiter.engine.descriptor.TestMethodTestDescriptor.lambda$invokeTestMethod$7(TestMethodTestDescriptor.java:217)
	at org.junit.platform.engine.support.hierarchical.ThrowableCollector.execute(ThrowableCollector.java:73)
	at org.junit.jupiter.engine.descriptor.TestMethodTestDescriptor.invokeTestMethod(TestMethodTestDescriptor.java:213)
	at org.junit.jupiter.engine.descriptor.TestMethodTestDescriptor.execute(TestMethodTestDescriptor.java:138)
	at org.junit.jupiter.engine.descriptor.TestMethodTestDescriptor.execute(TestMethodTestDescriptor.java:68)
	at org.junit.platform.engine.support.hierarchical.NodeTestTask.lambda$executeRecursively$6(NodeTestTask.java:151)
	at org.junit.platform.engine.support.hierarchical.ThrowableCollector.execute(ThrowableCollector.java:73)
	at org.junit.platform.engine.support.hierarchical.NodeTestTask.lambda$executeRecursively$8(NodeTestTask.java:141)
	at org.junit.platform.engine.support.hierarchical.Node.around(Node.java:137)
	at org.junit.platform.engine.support.hierarchical.NodeTestTask.lambda$executeRecursively$9(NodeTestTask.java:139)
	at org.junit.platform.engine.support.hierarchical.ThrowableCollector.execute(ThrowableCollector.java:73)
	at org.junit.platform.engine.support.hierarchical.NodeTestTask.executeRecursively(NodeTestTask.java:138)
	at org.junit.platform.engine.support.hierarchical.NodeTestTask.execute(NodeTestTask.java:95)
	at java.base/java.util.ArrayList.forEach(ArrayList.java:1596)
	at org.junit.platform.engine.support.hierarchical.SameThreadHierarchicalTestExecutorService.invokeAll(SameThreadHierarchicalTestExecutorService.java:41)
	at org.junit.platform.engine.support.hierarchical.NodeTestTask.lambda$executeRecursively$6(NodeTestTask.java:155)
	at org.junit.platform.engine.support.hierarchical.ThrowableCollector.execute(ThrowableCollector.java:73)
	at org.junit.platform.engine.support.hierarchical.NodeTestTask.lambda$executeRecursively$8(NodeTestTask.java:141)
	at org.junit.platform.engine.support.hierarchical.Node.around(Node.java:137)
	at org.junit.platform.engine.support.hierarchical.NodeTestTask.lambda$executeRecursively$9(NodeTestTask.java:139)
	at org.junit.platform.engine.support.hierarchical.ThrowableCollector.execute(ThrowableCollector.java:73)
	at org.junit.platform.engine.support.hierarchical.NodeTestTask.executeRecursively(NodeTestTask.java:138)
	at org.junit.platform.engine.support.hierarchical.NodeTestTask.execute(NodeTestTask.java:95)
	at java.base/java.util.ArrayList.forEach(ArrayList.java:1596)
	at org.junit.platform.engine.support.hierarchical.SameThreadHierarchicalTestExecutorService.invokeAll(SameThreadHierarchicalTestExecutorService.java:41)
	at org.junit.platform.engine.support.hierarchical.NodeTestTask.lambda$executeRecursively$6(NodeTestTask.java:155)
	at org.junit.platform.engine.support.hierarchical.ThrowableCollector.execute(ThrowableCollector.java:73)
	at org.junit.platform.engine.support.hierarchical.NodeTestTask.lambda$executeRecursively$8(NodeTestTask.java:141)
	at org.junit.platform.engine.support.hierarchical.Node.around(Node.java:137)
	at org.junit.platform.engine.support.hierarchical.NodeTestTask.lambda$executeRecursively$9(NodeTestTask.java:139)
	at org.junit.platform.engine.support.hierarchical.ThrowableCollector.execute(ThrowableCollector.java:73)
	at org.junit.platform.engine.support.hierarchical.NodeTestTask.executeRecursively(NodeTestTask.java:138)
	at org.junit.platform.engine.support.hierarchical.NodeTestTask.execute(NodeTestTask.java:95)
	at org.junit.platform.engine.support.hierarchical.SameThreadHierarchicalTestExecutorService.submit(SameThreadHierarchicalTestExecutorService.java:35)
	at org.junit.platform.engine.support.hierarchical.HierarchicalTestExecutor.execute(HierarchicalTestExecutor.java:57)
	at org.junit.platform.engine.support.hierarchical.HierarchicalTestEngine.execute(HierarchicalTestEngine.java:54)
	at org.junit.platform.launcher.core.EngineExecutionOrchestrator.execute(EngineExecutionOrchestrator.java:147)
	at org.junit.platform.launcher.core.EngineExecutionOrchestrator.execute(EngineExecutionOrchestrator.java:127)
	at org.junit.platform.launcher.core.EngineExecutionOrchestrator.execute(EngineExecutionOrchestrator.java:90)
	at org.junit.platform.launcher.core.EngineExecutionOrchestrator.lambda$execute$0(EngineExecutionOrchestrator.java:55)
	at org.junit.platform.launcher.core.EngineExecutionOrchestrator.withInterceptedStreams(EngineExecutionOrchestrator.java:102)
	at org.junit.platform.launcher.core.EngineExecutionOrchestrator.execute(EngineExecutionOrchestrator.java:54)
	at org.junit.platform.launcher.core.DefaultLauncher.execute(DefaultLauncher.java:114)
	at org.junit.platform.launcher.core.DefaultLauncher.execute(DefaultLauncher.java:86)
	at org.junit.platform.launcher.core.DefaultLauncherSession$DelegatingLauncher.execute(DefaultLauncherSession.java:86)
	at org.apache.maven.surefire.junitplatform.LazyLauncher.execute(LazyLauncher.java:50)
	at org.apache.maven.surefire.junitplatform.JUnitPlatformProvider.execute(JUnitPlatformProvider.java:184)
	at org.apache.maven.surefire.junitplatform.JUnitPlatformProvider.invokeAllTests(JUnitPlatformProvider.java:148)
	at org.apache.maven.surefire.junitplatform.JUnitPlatformProvider.invoke(JUnitPlatformProvider.java:122)
	at org.apache.maven.surefire.booter.ForkedBooter.runSuitesInProcess(ForkedBooter.java:385)
	at org.apache.maven.surefire.booter.ForkedBooter.execute(ForkedBooter.java:162)
	at org.apache.maven.surefire.booter.ForkedBooter.run(ForkedBooter.java:507)
	at org.apache.maven.surefire.booter.ForkedBooter.main(ForkedBooter.java:495)
Caused by: java.sql.SQLFeatureNotSupportedException: not implemented by SQLite JDBC driver
	at org.sqlite.jdbc3.JDBC3PreparedStatement.unsupported(JDBC3PreparedStatement.java:448)
	at org.sqlite.jdbc3.JDBC3Statement.getGeneratedKeys(JDBC3Statement.java:361)
	at com.poissonnerie.controller.VenteController.insererVente(VenteController.java:343)
	at com.poissonnerie.controller.VenteController.enregistrerVente(VenteController.java:273)
	... 70 more
]]></error>
    <system-err><![CDATA[Jan 18, 2025 11:25:54 PM com.poissonnerie.util.DatabaseManager needsNewConnection
WARNING: Connexion détectée comme invalide ou fermée
Jan 18, 2025 11:25:54 PM com.poissonnerie.util.DatabaseManager initializeConnection
INFO: Initialisation d'une nouvelle connexion à la base de données
Jan 18, 2025 11:25:54 PM com.poissonnerie.util.DatabaseManager initializeConnection
INFO: Configuration des PRAGMA SQLite effectuée
Jan 18, 2025 11:25:54 PM com.poissonnerie.util.DatabaseManager initializeConnection
INFO: Connexion à la base de données établie avec succès
Jan 18, 2025 11:25:54 PM com.poissonnerie.controller.VenteController initializeDatabase
INFO: Initialisation des tables de la base de données...
Jan 18, 2025 11:25:54 PM com.poissonnerie.util.DatabaseManager needsNewConnection
WARNING: Connexion détectée comme invalide ou fermée
Jan 18, 2025 11:25:54 PM com.poissonnerie.util.DatabaseManager initializeConnection
INFO: Initialisation d'une nouvelle connexion à la base de données
Jan 18, 2025 11:25:54 PM com.poissonnerie.util.DatabaseManager initializeConnection
INFO: Configuration des PRAGMA SQLite effectuée
Jan 18, 2025 11:25:54 PM com.poissonnerie.util.DatabaseManager initializeConnection
INFO: Connexion à la base de données établie avec succès
Jan 18, 2025 11:25:54 PM com.poissonnerie.controller.VenteController initializeDatabase
INFO: Tables mises à jour avec succès
Jan 18, 2025 11:25:54 PM com.poissonnerie.model.Vente setLignes
INFO: Mise à jour des lignes de la vente 1: 1 lignes
Jan 18, 2025 11:25:54 PM com.poissonnerie.controller.VenteController enregistrerVente
INFO: Début de l'enregistrement de la vente...
Jan 18, 2025 11:25:54 PM com.poissonnerie.controller.VenteController validateVente
INFO: Début de la validation de la vente...
Jan 18, 2025 11:25:54 PM com.poissonnerie.controller.VenteController validateVente
INFO: Validation de la vente réussie
Jan 18, 2025 11:25:54 PM com.poissonnerie.util.DatabaseManager needsNewConnection
WARNING: Connexion détectée comme invalide ou fermée
Jan 18, 2025 11:25:54 PM com.poissonnerie.util.DatabaseManager initializeConnection
INFO: Initialisation d'une nouvelle connexion à la base de données
Jan 18, 2025 11:25:54 PM com.poissonnerie.util.DatabaseManager initializeConnection
INFO: Configuration des PRAGMA SQLite effectuée
Jan 18, 2025 11:25:54 PM com.poissonnerie.util.DatabaseManager initializeConnection
INFO: Connexion à la base de données établie avec succès
Jan 18, 2025 11:25:54 PM com.poissonnerie.controller.VenteController enregistrerVente
SEVERE: Erreur SQL lors de l'enregistrement de la vente
java.sql.SQLFeatureNotSupportedException: not implemented by SQLite JDBC driver
	at org.sqlite.jdbc3.JDBC3PreparedStatement.unsupported(JDBC3PreparedStatement.java:448)
	at org.sqlite.jdbc3.JDBC3Statement.getGeneratedKeys(JDBC3Statement.java:361)
	at com.poissonnerie.controller.VenteController.insererVente(VenteController.java:343)
	at com.poissonnerie.controller.VenteController.enregistrerVente(VenteController.java:273)
	at com.poissonnerie.test.TestVente.testCopieDefensiveListeVentes(TestVente.java:201)
	at java.base/jdk.internal.reflect.DirectMethodHandleAccessor.invoke(DirectMethodHandleAccessor.java:103)
	at java.base/java.lang.reflect.Method.invoke(Method.java:580)
	at org.junit.platform.commons.util.ReflectionUtils.invokeMethod(ReflectionUtils.java:727)
	at org.junit.jupiter.engine.execution.MethodInvocation.proceed(MethodInvocation.java:60)
	at org.junit.jupiter.engine.execution.InvocationInterceptorChain$ValidatingInvocation.proceed(InvocationInterceptorChain.java:131)
	at org.junit.jupiter.engine.extension.TimeoutExtension.intercept(TimeoutExtension.java:156)
	at org.junit.jupiter.engine.extension.TimeoutExtension.interceptTestableMethod(TimeoutExtension.java:147)
	at org.junit.jupiter.engine.extension.TimeoutExtension.interceptTestMethod(TimeoutExtension.java:86)
	at org.junit.jupiter.engine.execution.InterceptingExecutableInvoker$ReflectiveInterceptorCall.lambda$ofVoidMethod$0(InterceptingExecutableInvoker.java:103)
	at org.junit.jupiter.engine.execution.InterceptingExecutableInvoker.lambda$invoke$0(InterceptingExecutableInvoker.java:93)
	at org.junit.jupiter.engine.execution.InvocationInterceptorChain$InterceptedInvocation.proceed(InvocationInterceptorChain.java:106)
	at org.junit.jupiter.engine.execution.InvocationInterceptorChain.proceed(InvocationInterceptorChain.java:64)
	at org.junit.jupiter.engine.execution.InvocationInterceptorChain.chainAndInvoke(InvocationInterceptorChain.java:45)
	at org.junit.jupiter.engine.execution.InvocationInterceptorChain.invoke(InvocationInterceptorChain.java:37)
	at org.junit.jupiter.engine.execution.InterceptingExecutableInvoker.invoke(InterceptingExecutableInvoker.java:92)
	at org.junit.jupiter.engine.execution.InterceptingExecutableInvoker.invoke(InterceptingExecutableInvoker.java:86)
	at org.junit.jupiter.engine.descriptor.TestMethodTestDescriptor.lambda$invokeTestMethod$7(TestMethodTestDescriptor.java:217)
	at org.junit.platform.engine.support.hierarchical.ThrowableCollector.execute(ThrowableCollector.java:73)
	at org.junit.jupiter.engine.descriptor.TestMethodTestDescriptor.invokeTestMethod(TestMethodTestDescriptor.java:213)
	at org.junit.jupiter.engine.descriptor.TestMethodTestDescriptor.execute(TestMethodTestDescriptor.java:138)
	at org.junit.jupiter.engine.descriptor.TestMethodTestDescriptor.execute(TestMethodTestDescriptor.java:68)
	at org.junit.platform.engine.support.hierarchical.NodeTestTask.lambda$executeRecursively$6(NodeTestTask.java:151)
	at org.junit.platform.engine.support.hierarchical.ThrowableCollector.execute(ThrowableCollector.java:73)
	at org.junit.platform.engine.support.hierarchical.NodeTestTask.lambda$executeRecursively$8(NodeTestTask.java:141)
	at org.junit.platform.engine.support.hierarchical.Node.around(Node.java:137)
	at org.junit.platform.engine.support.hierarchical.NodeTestTask.lambda$executeRecursively$9(NodeTestTask.java:139)
	at org.junit.platform.engine.support.hierarchical.ThrowableCollector.execute(ThrowableCollector.java:73)
	at org.junit.platform.engine.support.hierarchical.NodeTestTask.executeRecursively(NodeTestTask.java:138)
	at org.junit.platform.engine.support.hierarchical.NodeTestTask.execute(NodeTestTask.java:95)
	at java.base/java.util.ArrayList.forEach(ArrayList.java:1596)
	at org.junit.platform.engine.support.hierarchical.SameThreadHierarchicalTestExecutorService.invokeAll(SameThreadHierarchicalTestExecutorService.java:41)
	at org.junit.platform.engine.support.hierarchical.NodeTestTask.lambda$executeRecursively$6(NodeTestTask.java:155)
	at org.junit.platform.engine.support.hierarchical.ThrowableCollector.execute(ThrowableCollector.java:73)
	at org.junit.platform.engine.support.hierarchical.NodeTestTask.lambda$executeRecursively$8(NodeTestTask.java:141)
	at org.junit.platform.engine.support.hierarchical.Node.around(Node.java:137)
	at org.junit.platform.engine.support.hierarchical.NodeTestTask.lambda$executeRecursively$9(NodeTestTask.java:139)
	at org.junit.platform.engine.support.hierarchical.ThrowableCollector.execute(ThrowableCollector.java:73)
	at org.junit.platform.engine.support.hierarchical.NodeTestTask.executeRecursively(NodeTestTask.java:138)
	at org.junit.platform.engine.support.hierarchical.NodeTestTask.execute(NodeTestTask.java:95)
	at java.base/java.util.ArrayList.forEach(ArrayList.java:1596)
	at org.junit.platform.engine.support.hierarchical.SameThreadHierarchicalTestExecutorService.invokeAll(SameThreadHierarchicalTestExecutorService.java:41)
	at org.junit.platform.engine.support.hierarchical.NodeTestTask.lambda$executeRecursively$6(NodeTestTask.java:155)
	at org.junit.platform.engine.support.hierarchical.ThrowableCollector.execute(ThrowableCollector.java:73)
	at org.junit.platform.engine.support.hierarchical.NodeTestTask.lambda$executeRecursively$8(NodeTestTask.java:141)
	at org.junit.platform.engine.support.hierarchical.Node.around(Node.java:137)
	at org.junit.platform.engine.support.hierarchical.NodeTestTask.lambda$executeRecursively$9(NodeTestTask.java:139)
	at org.junit.platform.engine.support.hierarchical.ThrowableCollector.execute(ThrowableCollector.java:73)
	at org.junit.platform.engine.support.hierarchical.NodeTestTask.executeRecursively(NodeTestTask.java:138)
	at org.junit.platform.engine.support.hierarchical.NodeTestTask.execute(NodeTestTask.java:95)
	at org.junit.platform.engine.support.hierarchical.SameThreadHierarchicalTestExecutorService.submit(SameThreadHierarchicalTestExecutorService.java:35)
	at org.junit.platform.engine.support.hierarchical.HierarchicalTestExecutor.execute(HierarchicalTestExecutor.java:57)
	at org.junit.platform.engine.support.hierarchical.HierarchicalTestEngine.execute(HierarchicalTestEngine.java:54)
	at org.junit.platform.launcher.core.EngineExecutionOrchestrator.execute(EngineExecutionOrchestrator.java:147)
	at org.junit.platform.launcher.core.EngineExecutionOrchestrator.execute(EngineExecutionOrchestrator.java:127)
	at org.junit.platform.launcher.core.EngineExecutionOrchestrator.execute(EngineExecutionOrchestrator.java:90)
	at org.junit.platform.launcher.core.EngineExecutionOrchestrator.lambda$execute$0(EngineExecutionOrchestrator.java:55)
	at org.junit.platform.launcher.core.EngineExecutionOrchestrator.withInterceptedStreams(EngineExecutionOrchestrator.java:102)
	at org.junit.platform.launcher.core.EngineExecutionOrchestrator.execute(EngineExecutionOrchestrator.java:54)
	at org.junit.platform.launcher.core.DefaultLauncher.execute(DefaultLauncher.java:114)
	at org.junit.platform.launcher.core.DefaultLauncher.execute(DefaultLauncher.java:86)
	at org.junit.platform.launcher.core.DefaultLauncherSession$DelegatingLauncher.execute(DefaultLauncherSession.java:86)
	at org.apache.maven.surefire.junitplatform.LazyLauncher.execute(LazyLauncher.java:50)
	at org.apache.maven.surefire.junitplatform.JUnitPlatformProvider.execute(JUnitPlatformProvider.java:184)
	at org.apache.maven.surefire.junitplatform.JUnitPlatformProvider.invokeAllTests(JUnitPlatformProvider.java:148)
	at org.apache.maven.surefire.junitplatform.JUnitPlatformProvider.invoke(JUnitPlatformProvider.java:122)
	at org.apache.maven.surefire.booter.ForkedBooter.runSuitesInProcess(ForkedBooter.java:385)
	at org.apache.maven.surefire.booter.ForkedBooter.execute(ForkedBooter.java:162)
	at org.apache.maven.surefire.booter.ForkedBooter.run(ForkedBooter.java:507)
	at org.apache.maven.surefire.booter.ForkedBooter.main(ForkedBooter.java:495)

Jan 18, 2025 11:25:54 PM com.poissonnerie.controller.VenteController enregistrerVente
WARNING: Tentative 1 échouée, nouvelle tentative dans 1000ms
Jan 18, 2025 11:25:55 PM com.poissonnerie.util.DatabaseManager needsNewConnection
WARNING: Connexion détectée comme invalide ou fermée
Jan 18, 2025 11:25:55 PM com.poissonnerie.util.DatabaseManager initializeConnection
INFO: Initialisation d'une nouvelle connexion à la base de données
Jan 18, 2025 11:25:55 PM com.poissonnerie.util.DatabaseManager initializeConnection
INFO: Configuration des PRAGMA SQLite effectuée
Jan 18, 2025 11:25:55 PM com.poissonnerie.util.DatabaseManager initializeConnection
INFO: Connexion à la base de données établie avec succès
Jan 18, 2025 11:25:55 PM com.poissonnerie.controller.VenteController enregistrerVente
SEVERE: Erreur SQL lors de l'enregistrement de la vente
java.sql.SQLFeatureNotSupportedException: not implemented by SQLite JDBC driver
	at org.sqlite.jdbc3.JDBC3PreparedStatement.unsupported(JDBC3PreparedStatement.java:448)
	at org.sqlite.jdbc3.JDBC3Statement.getGeneratedKeys(JDBC3Statement.java:361)
	at com.poissonnerie.controller.VenteController.insererVente(VenteController.java:343)
	at com.poissonnerie.controller.VenteController.enregistrerVente(VenteController.java:273)
	at com.poissonnerie.test.TestVente.testCopieDefensiveListeVentes(TestVente.java:201)
	at java.base/jdk.internal.reflect.DirectMethodHandleAccessor.invoke(DirectMethodHandleAccessor.java:103)
	at java.base/java.lang.reflect.Method.invoke(Method.java:580)
	at org.junit.platform.commons.util.ReflectionUtils.invokeMethod(ReflectionUtils.java:727)
	at org.junit.jupiter.engine.execution.MethodInvocation.proceed(MethodInvocation.java:60)
	at org.junit.jupiter.engine.execution.InvocationInterceptorChain$ValidatingInvocation.proceed(InvocationInterceptorChain.java:131)
	at org.junit.jupiter.engine.extension.TimeoutExtension.intercept(TimeoutExtension.java:156)
	at org.junit.jupiter.engine.extension.TimeoutExtension.interceptTestableMethod(TimeoutExtension.java:147)
	at org.junit.jupiter.engine.extension.TimeoutExtension.interceptTestMethod(TimeoutExtension.java:86)
	at org.junit.jupiter.engine.execution.InterceptingExecutableInvoker$ReflectiveInterceptorCall.lambda$ofVoidMethod$0(InterceptingExecutableInvoker.java:103)
	at org.junit.jupiter.engine.execution.InterceptingExecutableInvoker.lambda$invoke$0(InterceptingExecutableInvoker.java:93)
	at org.junit.jupiter.engine.execution.InvocationInterceptorChain$InterceptedInvocation.proceed(InvocationInterceptorChain.java:106)
	at org.junit.jupiter.engine.execution.InvocationInterceptorChain.proceed(InvocationInterceptorChain.java:64)
	at org.junit.jupiter.engine.execution.InvocationInterceptorChain.chainAndInvoke(InvocationInterceptorChain.java:45)
	at org.junit.jupiter.engine.execution.InvocationInterceptorChain.invoke(InvocationInterceptorChain.java:37)
	at org.junit.jupiter.engine.execution.InterceptingExecutableInvoker.invoke(InterceptingExecutableInvoker.java:92)
	at org.junit.jupiter.engine.execution.InterceptingExecutableInvoker.invoke(InterceptingExecutableInvoker.java:86)
	at org.junit.jupiter.engine.descriptor.TestMethodTestDescriptor.lambda$invokeTestMethod$7(TestMethodTestDescriptor.java:217)
	at org.junit.platform.engine.support.hierarchical.ThrowableCollector.execute(ThrowableCollector.java:73)
	at org.junit.jupiter.engine.descriptor.TestMethodTestDescriptor.invokeTestMethod(TestMethodTestDescriptor.java:213)
	at org.junit.jupiter.engine.descriptor.TestMethodTestDescriptor.execute(TestMethodTestDescriptor.java:138)
	at org.junit.jupiter.engine.descriptor.TestMethodTestDescriptor.execute(TestMethodTestDescriptor.java:68)
	at org.junit.platform.engine.support.hierarchical.NodeTestTask.lambda$executeRecursively$6(NodeTestTask.java:151)
	at org.junit.platform.engine.support.hierarchical.ThrowableCollector.execute(ThrowableCollector.java:73)
	at org.junit.platform.engine.support.hierarchical.NodeTestTask.lambda$executeRecursively$8(NodeTestTask.java:141)
	at org.junit.platform.engine.support.hierarchical.Node.around(Node.java:137)
	at org.junit.platform.engine.support.hierarchical.NodeTestTask.lambda$executeRecursively$9(NodeTestTask.java:139)
	at org.junit.platform.engine.support.hierarchical.ThrowableCollector.execute(ThrowableCollector.java:73)
	at org.junit.platform.engine.support.hierarchical.NodeTestTask.executeRecursively(NodeTestTask.java:138)
	at org.junit.platform.engine.support.hierarchical.NodeTestTask.execute(NodeTestTask.java:95)
	at java.base/java.util.ArrayList.forEach(ArrayList.java:1596)
	at org.junit.platform.engine.support.hierarchical.SameThreadHierarchicalTestExecutorService.invokeAll(SameThreadHierarchicalTestExecutorService.java:41)
	at org.junit.platform.engine.support.hierarchical.NodeTestTask.lambda$executeRecursively$6(NodeTestTask.java:155)
	at org.junit.platform.engine.support.hierarchical.ThrowableCollector.execute(ThrowableCollector.java:73)
	at org.junit.platform.engine.support.hierarchical.NodeTestTask.lambda$executeRecursively$8(NodeTestTask.java:141)
	at org.junit.platform.engine.support.hierarchical.Node.around(Node.java:137)
	at org.junit.platform.engine.support.hierarchical.NodeTestTask.lambda$executeRecursively$9(NodeTestTask.java:139)
	at org.junit.platform.engine.support.hierarchical.ThrowableCollector.execute(ThrowableCollector.java:73)
	at org.junit.platform.engine.support.hierarchical.NodeTestTask.executeRecursively(NodeTestTask.java:138)
	at org.junit.platform.engine.support.hierarchical.NodeTestTask.execute(NodeTestTask.java:95)
	at java.base/java.util.ArrayList.forEach(ArrayList.java:1596)
	at org.junit.platform.engine.support.hierarchical.SameThreadHierarchicalTestExecutorService.invokeAll(SameThreadHierarchicalTestExecutorService.java:41)
	at org.junit.platform.engine.support.hierarchical.NodeTestTask.lambda$executeRecursively$6(NodeTestTask.java:155)
	at org.junit.platform.engine.support.hierarchical.ThrowableCollector.execute(ThrowableCollector.java:73)
	at org.junit.platform.engine.support.hierarchical.NodeTestTask.lambda$executeRecursively$8(NodeTestTask.java:141)
	at org.junit.platform.engine.support.hierarchical.Node.around(Node.java:137)
	at org.junit.platform.engine.support.hierarchical.NodeTestTask.lambda$executeRecursively$9(NodeTestTask.java:139)
	at org.junit.platform.engine.support.hierarchical.ThrowableCollector.execute(ThrowableCollector.java:73)
	at org.junit.platform.engine.support.hierarchical.NodeTestTask.executeRecursively(NodeTestTask.java:138)
	at org.junit.platform.engine.support.hierarchical.NodeTestTask.execute(NodeTestTask.java:95)
	at org.junit.platform.engine.support.hierarchical.SameThreadHierarchicalTestExecutorService.submit(SameThreadHierarchicalTestExecutorService.java:35)
	at org.junit.platform.engine.support.hierarchical.HierarchicalTestExecutor.execute(HierarchicalTestExecutor.java:57)
	at org.junit.platform.engine.support.hierarchical.HierarchicalTestEngine.execute(HierarchicalTestEngine.java:54)
	at org.junit.platform.launcher.core.EngineExecutionOrchestrator.execute(EngineExecutionOrchestrator.java:147)
	at org.junit.platform.launcher.core.EngineExecutionOrchestrator.execute(EngineExecutionOrchestrator.java:127)
	at org.junit.platform.launcher.core.EngineExecutionOrchestrator.execute(EngineExecutionOrchestrator.java:90)
	at org.junit.platform.launcher.core.EngineExecutionOrchestrator.lambda$execute$0(EngineExecutionOrchestrator.java:55)
	at org.junit.platform.launcher.core.EngineExecutionOrchestrator.withInterceptedStreams(EngineExecutionOrchestrator.java:102)
	at org.junit.platform.launcher.core.EngineExecutionOrchestrator.execute(EngineExecutionOrchestrator.java:54)
	at org.junit.platform.launcher.core.DefaultLauncher.execute(DefaultLauncher.java:114)
	at org.junit.platform.launcher.core.DefaultLauncher.execute(DefaultLauncher.java:86)
	at org.junit.platform.launcher.core.DefaultLauncherSession$DelegatingLauncher.execute(DefaultLauncherSession.java:86)
	at org.apache.maven.surefire.junitplatform.LazyLauncher.execute(LazyLauncher.java:50)
	at org.apache.maven.surefire.junitplatform.JUnitPlatformProvider.execute(JUnitPlatformProvider.java:184)
	at org.apache.maven.surefire.junitplatform.JUnitPlatformProvider.invokeAllTests(JUnitPlatformProvider.java:148)
	at org.apache.maven.surefire.junitplatform.JUnitPlatformProvider.invoke(JUnitPlatformProvider.java:122)
	at org.apache.maven.surefire.booter.ForkedBooter.runSuitesInProcess(ForkedBooter.java:385)
	at org.apache.maven.surefire.booter.ForkedBooter.execute(ForkedBooter.java:162)
	at org.apache.maven.surefire.booter.ForkedBooter.run(ForkedBooter.java:507)
	at org.apache.maven.surefire.booter.ForkedBooter.main(ForkedBooter.java:495)

Jan 18, 2025 11:25:55 PM com.poissonnerie.controller.VenteController enregistrerVente
WARNING: Tentative 2 échouée, nouvelle tentative dans 1000ms
Jan 18, 2025 11:25:56 PM com.poissonnerie.util.DatabaseManager needsNewConnection
WARNING: Connexion détectée comme invalide ou fermée
Jan 18, 2025 11:25:56 PM com.poissonnerie.util.DatabaseManager initializeConnection
INFO: Initialisation d'une nouvelle connexion à la base de données
Jan 18, 2025 11:25:56 PM com.poissonnerie.util.DatabaseManager initializeConnection
INFO: Configuration des PRAGMA SQLite effectuée
Jan 18, 2025 11:25:56 PM com.poissonnerie.util.DatabaseManager initializeConnection
INFO: Connexion à la base de données établie avec succès
Jan 18, 2025 11:25:56 PM com.poissonnerie.controller.VenteController enregistrerVente
SEVERE: Erreur SQL lors de l'enregistrement de la vente
java.sql.SQLFeatureNotSupportedException: not implemented by SQLite JDBC driver
	at org.sqlite.jdbc3.JDBC3PreparedStatement.unsupported(JDBC3PreparedStatement.java:448)
	at org.sqlite.jdbc3.JDBC3Statement.getGeneratedKeys(JDBC3Statement.java:361)
	at com.poissonnerie.controller.VenteController.insererVente(VenteController.java:343)
	at com.poissonnerie.controller.VenteController.enregistrerVente(VenteController.java:273)
	at com.poissonnerie.test.TestVente.testCopieDefensiveListeVentes(TestVente.java:201)
	at java.base/jdk.internal.reflect.DirectMethodHandleAccessor.invoke(DirectMethodHandleAccessor.java:103)
	at java.base/java.lang.reflect.Method.invoke(Method.java:580)
	at org.junit.platform.commons.util.ReflectionUtils.invokeMethod(ReflectionUtils.java:727)
	at org.junit.jupiter.engine.execution.MethodInvocation.proceed(MethodInvocation.java:60)
	at org.junit.jupiter.engine.execution.InvocationInterceptorChain$ValidatingInvocation.proceed(InvocationInterceptorChain.java:131)
	at org.junit.jupiter.engine.extension.TimeoutExtension.intercept(TimeoutExtension.java:156)
	at org.junit.jupiter.engine.extension.TimeoutExtension.interceptTestableMethod(TimeoutExtension.java:147)
	at org.junit.jupiter.engine.extension.TimeoutExtension.interceptTestMethod(TimeoutExtension.java:86)
	at org.junit.jupiter.engine.execution.InterceptingExecutableInvoker$ReflectiveInterceptorCall.lambda$ofVoidMethod$0(InterceptingExecutableInvoker.java:103)
	at org.junit.jupiter.engine.execution.InterceptingExecutableInvoker.lambda$invoke$0(InterceptingExecutableInvoker.java:93)
	at org.junit.jupiter.engine.execution.InvocationInterceptorChain$InterceptedInvocation.proceed(InvocationInterceptorChain.java:106)
	at org.junit.jupiter.engine.execution.InvocationInterceptorChain.proceed(InvocationInterceptorChain.java:64)
	at org.junit.jupiter.engine.execution.InvocationInterceptorChain.chainAndInvoke(InvocationInterceptorChain.java:45)
	at org.junit.jupiter.engine.execution.InvocationInterceptorChain.invoke(InvocationInterceptorChain.java:37)
	at org.junit.jupiter.engine.execution.InterceptingExecutableInvoker.invoke(InterceptingExecutableInvoker.java:92)
	at org.junit.jupiter.engine.execution.InterceptingExecutableInvoker.invoke(InterceptingExecutableInvoker.java:86)
	at org.junit.jupiter.engine.descriptor.TestMethodTestDescriptor.lambda$invokeTestMethod$7(TestMethodTestDescriptor.java:217)
	at org.junit.platform.engine.support.hierarchical.ThrowableCollector.execute(ThrowableCollector.java:73)
	at org.junit.jupiter.engine.descriptor.TestMethodTestDescriptor.invokeTestMethod(TestMethodTestDescriptor.java:213)
	at org.junit.jupiter.engine.descriptor.TestMethodTestDescriptor.execute(TestMethodTestDescriptor.java:138)
	at org.junit.jupiter.engine.descriptor.TestMethodTestDescriptor.execute(TestMethodTestDescriptor.java:68)
	at org.junit.platform.engine.support.hierarchical.NodeTestTask.lambda$executeRecursively$6(NodeTestTask.java:151)
	at org.junit.platform.engine.support.hierarchical.ThrowableCollector.execute(ThrowableCollector.java:73)
	at org.junit.platform.engine.support.hierarchical.NodeTestTask.lambda$executeRecursively$8(NodeTestTask.java:141)
	at org.junit.platform.engine.support.hierarchical.Node.around(Node.java:137)
	at org.junit.platform.engine.support.hierarchical.NodeTestTask.lambda$executeRecursively$9(NodeTestTask.java:139)
	at org.junit.platform.engine.support.hierarchical.ThrowableCollector.execute(ThrowableCollector.java:73)
	at org.junit.platform.engine.support.hierarchical.NodeTestTask.executeRecursively(NodeTestTask.java:138)
	at org.junit.platform.engine.support.hierarchical.NodeTestTask.execute(NodeTestTask.java:95)
	at java.base/java.util.ArrayList.forEach(ArrayList.java:1596)
	at org.junit.platform.engine.support.hierarchical.SameThreadHierarchicalTestExecutorService.invokeAll(SameThreadHierarchicalTestExecutorService.java:41)
	at org.junit.platform.engine.support.hierarchical.NodeTestTask.lambda$executeRecursively$6(NodeTestTask.java:155)
	at org.junit.platform.engine.support.hierarchical.ThrowableCollector.execute(ThrowableCollector.java:73)
	at org.junit.platform.engine.support.hierarchical.NodeTestTask.lambda$executeRecursively$8(NodeTestTask.java:141)
	at org.junit.platform.engine.support.hierarchical.Node.around(Node.java:137)
	at org.junit.platform.engine.support.hierarchical.NodeTestTask.lambda$executeRecursively$9(NodeTestTask.java:139)
	at org.junit.platform.engine.support.hierarchical.ThrowableCollector.execute(ThrowableCollector.java:73)
	at org.junit.platform.engine.support.hierarchical.NodeTestTask.executeRecursively(NodeTestTask.java:138)
	at org.junit.platform.engine.support.hierarchical.NodeTestTask.execute(NodeTestTask.java:95)
	at java.base/java.util.ArrayList.forEach(ArrayList.java:1596)
	at org.junit.platform.engine.support.hierarchical.SameThreadHierarchicalTestExecutorService.invokeAll(SameThreadHierarchicalTestExecutorService.java:41)
	at org.junit.platform.engine.support.hierarchical.NodeTestTask.lambda$executeRecursively$6(NodeTestTask.java:155)
	at org.junit.platform.engine.support.hierarchical.ThrowableCollector.execute(ThrowableCollector.java:73)
	at org.junit.platform.engine.support.hierarchical.NodeTestTask.lambda$executeRecursively$8(NodeTestTask.java:141)
	at org.junit.platform.engine.support.hierarchical.Node.around(Node.java:137)
	at org.junit.platform.engine.support.hierarchical.NodeTestTask.lambda$executeRecursively$9(NodeTestTask.java:139)
	at org.junit.platform.engine.support.hierarchical.ThrowableCollector.execute(ThrowableCollector.java:73)
	at org.junit.platform.engine.support.hierarchical.NodeTestTask.executeRecursively(NodeTestTask.java:138)
	at org.junit.platform.engine.support.hierarchical.NodeTestTask.execute(NodeTestTask.java:95)
	at org.junit.platform.engine.support.hierarchical.SameThreadHierarchicalTestExecutorService.submit(SameThreadHierarchicalTestExecutorService.java:35)
[...]
	at org.junit.platform.engine.support.hierarchical.HierarchicalTestEngine.execute(HierarchicalTestEngine.java:54)
	at org.junit.platform.launcher.core.EngineExecutionOrchestrator.execute(EngineExecutionOrchestrator.java:147)
	at org.junit.platform.launcher.core.EngineExecutionOrchestrator.execute(EngineExecutionOrchestrator.java:127)
	at org.junit.platform.launcher.core.EngineExecutionOrchestrator.execute(EngineExecutionOrchestrator.java:90)
	at org.junit.platform.launcher.core.EngineExecutionOrchestrator.lambda$execute$0(EngineExecutionOrchestrator.java:55)
	at org.junit.platform.launcher.core.EngineExecutionOrchestrator.withInterceptedStreams(EngineExecutionOrchestrator.java:102)
	at org.junit.platform.launcher.core.EngineExecutionOrchestrator.execute(EngineExecutionOrchestrator.java:54)
	at org.junit.platform.launcher.core.DefaultLauncher.execute(DefaultLauncher.java:114)
	at org.junit.platform.launcher.core.DefaultLauncher.execute(DefaultLauncher.java:86)
	at org.junit.platform.launcher.core.DefaultLauncherSession$DelegatingLauncher.execute(DefaultLauncherSession.java:86)
	at org.apache.maven.surefire.junitplatform.LazyLauncher.execute(LazyLauncher.java:50)
	at org.apache.maven.surefire.junitplatform.JUnitPlatformProvider.execute(JUnitPlatformProvider.java:184)
	at org.apache.maven.surefire.junitplatform.JUnitPlatformProvider.invokeAllTests(JUnitPlatformProvider.java:148)
	at org.apache.maven.surefire.junitplatform.JUnitPlatformProvider.invoke(JUnitPlatformProvider.java:122)
	at org.apache.maven.surefire.booter.ForkedBooter.runSuitesInProcess(ForkedBooter.java:385)
	at org.apache.maven.surefire.booter.ForkedBooter.execute(ForkedBooter.java:162)
	at org.apache.maven.surefire.booter.ForkedBooter.run(ForkedBooter.java:507)
	at org.apache.maven.surefire.booter.ForkedBooter.main(ForkedBooter.java:495)

]]></system-err>
  </testcase>
  <testcase name="testValidationVenteNull" classname="com.poissonnerie.test.TestVente" time="0.092">
    <system-err><![CDATA[Jan 18, 2025 11:25:56 PM com.poissonnerie.util.DatabaseManager needsNewConnection
WARNING: Connexion détectée comme invalide ou fermée
Jan 18, 2025 11:25:56 PM com.poissonnerie.util.DatabaseManager initializeConnection
INFO: Initialisation d'une nouvelle connexion à la base de données
Jan 18, 2025 11:25:56 PM com.poissonnerie.util.DatabaseManager initializeConnection
INFO: Configuration des PRAGMA SQLite effectuée
Jan 18, 2025 11:25:56 PM com.poissonnerie.util.DatabaseManager initializeConnection
INFO: Connexion à la base de données établie avec succès
Jan 18, 2025 11:25:56 PM com.poissonnerie.controller.VenteController initializeDatabase
INFO: Initialisation des tables de la base de données...
Jan 18, 2025 11:25:56 PM com.poissonnerie.util.DatabaseManager needsNewConnection
WARNING: Connexion détectée comme invalide ou fermée
Jan 18, 2025 11:25:56 PM com.poissonnerie.util.DatabaseManager initializeConnection
INFO: Initialisation d'une nouvelle connexion à la base de données
Jan 18, 2025 11:25:56 PM com.poissonnerie.util.DatabaseManager initializeConnection
INFO: Configuration des PRAGMA SQLite effectuée
Jan 18, 2025 11:25:56 PM com.poissonnerie.util.DatabaseManager initializeConnection
INFO: Connexion à la base de données établie avec succès
Jan 18, 2025 11:25:56 PM com.poissonnerie.controller.VenteController initializeDatabase
INFO: Tables mises à jour avec succès
Jan 18, 2025 11:25:56 PM com.poissonnerie.model.Vente setLignes
INFO: Mise à jour des lignes de la vente 1: 1 lignes
Jan 18, 2025 11:25:56 PM com.poissonnerie.controller.VenteController enregistrerVente
INFO: Début de l'enregistrement de la vente...
Jan 18, 2025 11:25:56 PM com.poissonnerie.controller.VenteController validateVente
INFO: Début de la validation de la vente...
Jan 18, 2025 11:25:56 PM com.poissonnerie.controller.VenteController validateVente
SEVERE: Tentative de validation d'une vente null
]]></system-err>
  </testcase>
  <testcase name="testValidationDateFutur" classname="com.poissonnerie.test.TestVente" time="0.106">
    <system-err><![CDATA[Jan 18, 2025 11:25:56 PM com.poissonnerie.util.DatabaseManager needsNewConnection
WARNING: Connexion détectée comme invalide ou fermée
Jan 18, 2025 11:25:56 PM com.poissonnerie.util.DatabaseManager initializeConnection
INFO: Initialisation d'une nouvelle connexion à la base de données
Jan 18, 2025 11:25:56 PM com.poissonnerie.util.DatabaseManager initializeConnection
INFO: Configuration des PRAGMA SQLite effectuée
Jan 18, 2025 11:25:56 PM com.poissonnerie.util.DatabaseManager initializeConnection
INFO: Connexion à la base de données établie avec succès
Jan 18, 2025 11:25:57 PM com.poissonnerie.controller.VenteController initializeDatabase
INFO: Initialisation des tables de la base de données...
Jan 18, 2025 11:25:57 PM com.poissonnerie.util.DatabaseManager needsNewConnection
WARNING: Connexion détectée comme invalide ou fermée
Jan 18, 2025 11:25:57 PM com.poissonnerie.util.DatabaseManager initializeConnection
INFO: Initialisation d'une nouvelle connexion à la base de données
Jan 18, 2025 11:25:57 PM com.poissonnerie.util.DatabaseManager initializeConnection
INFO: Configuration des PRAGMA SQLite effectuée
Jan 18, 2025 11:25:57 PM com.poissonnerie.util.DatabaseManager initializeConnection
INFO: Connexion à la base de données établie avec succès
Jan 18, 2025 11:25:57 PM com.poissonnerie.controller.VenteController initializeDatabase
INFO: Tables mises à jour avec succès
Jan 18, 2025 11:25:57 PM com.poissonnerie.model.Vente setLignes
INFO: Mise à jour des lignes de la vente 1: 1 lignes
]]></system-err>
  </testcase>
  <testcase name="testValidationTotalNegatif" classname="com.poissonnerie.test.TestVente" time="0.098">
    <system-err><![CDATA[Jan 18, 2025 11:25:57 PM com.poissonnerie.util.DatabaseManager needsNewConnection
WARNING: Connexion détectée comme invalide ou fermée
Jan 18, 2025 11:25:57 PM com.poissonnerie.util.DatabaseManager initializeConnection
INFO: Initialisation d'une nouvelle connexion à la base de données
Jan 18, 2025 11:25:57 PM com.poissonnerie.util.DatabaseManager initializeConnection
INFO: Configuration des PRAGMA SQLite effectuée
Jan 18, 2025 11:25:57 PM com.poissonnerie.util.DatabaseManager initializeConnection
INFO: Connexion à la base de données établie avec succès
Jan 18, 2025 11:25:57 PM com.poissonnerie.controller.VenteController initializeDatabase
INFO: Initialisation des tables de la base de données...
Jan 18, 2025 11:25:57 PM com.poissonnerie.util.DatabaseManager needsNewConnection
WARNING: Connexion détectée comme invalide ou fermée
Jan 18, 2025 11:25:57 PM com.poissonnerie.util.DatabaseManager initializeConnection
INFO: Initialisation d'une nouvelle connexion à la base de données
Jan 18, 2025 11:25:57 PM com.poissonnerie.util.DatabaseManager initializeConnection
INFO: Configuration des PRAGMA SQLite effectuée
Jan 18, 2025 11:25:57 PM com.poissonnerie.util.DatabaseManager initializeConnection
INFO: Connexion à la base de données établie avec succès
Jan 18, 2025 11:25:57 PM com.poissonnerie.controller.VenteController initializeDatabase
INFO: Tables mises à jour avec succès
Jan 18, 2025 11:25:57 PM com.poissonnerie.model.Vente setLignes
INFO: Mise à jour des lignes de la vente 1: 1 lignes
]]></system-err>
  </testcase>
  <testcase name="testValidationPrixUnitairesNegatifs" classname="com.poissonnerie.test.TestVente" time="0.09">
    <system-err><![CDATA[Jan 18, 2025 11:25:57 PM com.poissonnerie.util.DatabaseManager needsNewConnection
WARNING: Connexion détectée comme invalide ou fermée
Jan 18, 2025 11:25:57 PM com.poissonnerie.util.DatabaseManager initializeConnection
INFO: Initialisation d'une nouvelle connexion à la base de données
Jan 18, 2025 11:25:57 PM com.poissonnerie.util.DatabaseManager initializeConnection
INFO: Configuration des PRAGMA SQLite effectuée
Jan 18, 2025 11:25:57 PM com.poissonnerie.util.DatabaseManager initializeConnection
INFO: Connexion à la base de données établie avec succès
Jan 18, 2025 11:25:57 PM com.poissonnerie.controller.VenteController initializeDatabase
INFO: Initialisation des tables de la base de données...
Jan 18, 2025 11:25:57 PM com.poissonnerie.util.DatabaseManager needsNewConnection
WARNING: Connexion détectée comme invalide ou fermée
Jan 18, 2025 11:25:57 PM com.poissonnerie.util.DatabaseManager initializeConnection
INFO: Initialisation d'une nouvelle connexion à la base de données
Jan 18, 2025 11:25:57 PM com.poissonnerie.util.DatabaseManager initializeConnection
INFO: Configuration des PRAGMA SQLite effectuée
Jan 18, 2025 11:25:57 PM com.poissonnerie.util.DatabaseManager initializeConnection
INFO: Connexion à la base de données établie avec succès
Jan 18, 2025 11:25:57 PM com.poissonnerie.controller.VenteController initializeDatabase
INFO: Tables mises à jour avec succès
Jan 18, 2025 11:25:57 PM com.poissonnerie.model.Vente setLignes
INFO: Mise à jour des lignes de la vente 1: 1 lignes
]]></system-err>
  </testcase>
  <testcase name="testValidationVenteSansLignes" classname="com.poissonnerie.test.TestVente" time="0.083">
    <error message="Une vente doit avoir au moins une ligne" type="java.lang.IllegalArgumentException"><![CDATA[java.lang.IllegalArgumentException: Une vente doit avoir au moins une ligne
	at com.poissonnerie.model.Vente.setLignes(Vente.java:155)
	at com.poissonnerie.test.TestVente.testValidationVenteSansLignes(TestVente.java:138)
	at java.base/jdk.internal.reflect.DirectMethodHandleAccessor.invoke(DirectMethodHandleAccessor.java:103)
	at java.base/java.lang.reflect.Method.invoke(Method.java:580)
	at org.junit.platform.commons.util.ReflectionUtils.invokeMethod(ReflectionUtils.java:727)
	at org.junit.jupiter.engine.execution.MethodInvocation.proceed(MethodInvocation.java:60)
	at org.junit.jupiter.engine.execution.InvocationInterceptorChain$ValidatingInvocation.proceed(InvocationInterceptorChain.java:131)
	at org.junit.jupiter.engine.extension.TimeoutExtension.intercept(TimeoutExtension.java:156)
	at org.junit.jupiter.engine.extension.TimeoutExtension.interceptTestableMethod(TimeoutExtension.java:147)
	at org.junit.jupiter.engine.extension.TimeoutExtension.interceptTestMethod(TimeoutExtension.java:86)
	at org.junit.jupiter.engine.execution.InterceptingExecutableInvoker$ReflectiveInterceptorCall.lambda$ofVoidMethod$0(InterceptingExecutableInvoker.java:103)
	at org.junit.jupiter.engine.execution.InterceptingExecutableInvoker.lambda$invoke$0(InterceptingExecutableInvoker.java:93)
	at org.junit.jupiter.engine.execution.InvocationInterceptorChain$InterceptedInvocation.proceed(InvocationInterceptorChain.java:106)
	at org.junit.jupiter.engine.execution.InvocationInterceptorChain.proceed(InvocationInterceptorChain.java:64)
	at org.junit.jupiter.engine.execution.InvocationInterceptorChain.chainAndInvoke(InvocationInterceptorChain.java:45)
	at org.junit.jupiter.engine.execution.InvocationInterceptorChain.invoke(InvocationInterceptorChain.java:37)
	at org.junit.jupiter.engine.execution.InterceptingExecutableInvoker.invoke(InterceptingExecutableInvoker.java:92)
	at org.junit.jupiter.engine.execution.InterceptingExecutableInvoker.invoke(InterceptingExecutableInvoker.java:86)
	at org.junit.jupiter.engine.descriptor.TestMethodTestDescriptor.lambda$invokeTestMethod$7(TestMethodTestDescriptor.java:217)
	at org.junit.platform.engine.support.hierarchical.ThrowableCollector.execute(ThrowableCollector.java:73)
	at org.junit.jupiter.engine.descriptor.TestMethodTestDescriptor.invokeTestMethod(TestMethodTestDescriptor.java:213)
	at org.junit.jupiter.engine.descriptor.TestMethodTestDescriptor.execute(TestMethodTestDescriptor.java:138)
	at org.junit.jupiter.engine.descriptor.TestMethodTestDescriptor.execute(TestMethodTestDescriptor.java:68)
	at org.junit.platform.engine.support.hierarchical.NodeTestTask.lambda$executeRecursively$6(NodeTestTask.java:151)
	at org.junit.platform.engine.support.hierarchical.ThrowableCollector.execute(ThrowableCollector.java:73)
	at org.junit.platform.engine.support.hierarchical.NodeTestTask.lambda$executeRecursively$8(NodeTestTask.java:141)
	at org.junit.platform.engine.support.hierarchical.Node.around(Node.java:137)
	at org.junit.platform.engine.support.hierarchical.NodeTestTask.lambda$executeRecursively$9(NodeTestTask.java:139)
	at org.junit.platform.engine.support.hierarchical.ThrowableCollector.execute(ThrowableCollector.java:73)
	at org.junit.platform.engine.support.hierarchical.NodeTestTask.executeRecursively(NodeTestTask.java:138)
	at org.junit.platform.engine.support.hierarchical.NodeTestTask.execute(NodeTestTask.java:95)
	at java.base/java.util.ArrayList.forEach(ArrayList.java:1596)
	at org.junit.platform.engine.support.hierarchical.SameThreadHierarchicalTestExecutorService.invokeAll(SameThreadHierarchicalTestExecutorService.java:41)
	at org.junit.platform.engine.support.hierarchical.NodeTestTask.lambda$executeRecursively$6(NodeTestTask.java:155)
	at org.junit.platform.engine.support.hierarchical.ThrowableCollector.execute(ThrowableCollector.java:73)
	at org.junit.platform.engine.support.hierarchical.NodeTestTask.lambda$executeRecursively$8(NodeTestTask.java:141)
	at org.junit.platform.engine.support.hierarchical.Node.around(Node.java:137)
	at org.junit.platform.engine.support.hierarchical.NodeTestTask.lambda$executeRecursively$9(NodeTestTask.java:139)
	at org.junit.platform.engine.support.hierarchical.ThrowableCollector.execute(ThrowableCollector.java:73)
	at org.junit.platform.engine.support.hierarchical.NodeTestTask.executeRecursively(NodeTestTask.java:138)
	at org.junit.platform.engine.support.hierarchical.NodeTestTask.execute(NodeTestTask.java:95)
	at java.base/java.util.ArrayList.forEach(ArrayList.java:1596)
	at org.junit.platform.engine.support.hierarchical.SameThreadHierarchicalTestExecutorService.invokeAll(SameThreadHierarchicalTestExecutorService.java:41)
	at org.junit.platform.engine.support.hierarchical.NodeTestTask.lambda$executeRecursively$6(NodeTestTask.java:155)
	at org.junit.platform.engine.support.hierarchical.ThrowableCollector.execute(ThrowableCollector.java:73)
	at org.junit.platform.engine.support.hierarchical.NodeTestTask.lambda$executeRecursively$8(NodeTestTask.java:141)
	at org.junit.platform.engine.support.hierarchical.Node.around(Node.java:137)
	at org.junit.platform.engine.support.hierarchical.NodeTestTask.lambda$executeRecursively$9(NodeTestTask.java:139)
	at org.junit.platform.engine.support.hierarchical.ThrowableCollector.execute(ThrowableCollector.java:73)
	at org.junit.platform.engine.support.hierarchical.NodeTestTask.executeRecursively(NodeTestTask.java:138)
	at org.junit.platform.engine.support.hierarchical.NodeTestTask.execute(NodeTestTask.java:95)
	at org.junit.platform.engine.support.hierarchical.SameThreadHierarchicalTestExecutorService.submit(SameThreadHierarchicalTestExecutorService.java:35)
	at org.junit.platform.engine.support.hierarchical.HierarchicalTestExecutor.execute(HierarchicalTestExecutor.java:57)
	at org.junit.platform.engine.support.hierarchical.HierarchicalTestEngine.execute(HierarchicalTestEngine.java:54)
	at org.junit.platform.launcher.core.EngineExecutionOrchestrator.execute(EngineExecutionOrchestrator.java:147)
	at org.junit.platform.launcher.core.EngineExecutionOrchestrator.execute(EngineExecutionOrchestrator.java:127)
	at org.junit.platform.launcher.core.EngineExecutionOrchestrator.execute(EngineExecutionOrchestrator.java:90)
	at org.junit.platform.launcher.core.EngineExecutionOrchestrator.lambda$execute$0(EngineExecutionOrchestrator.java:55)
	at org.junit.platform.launcher.core.EngineExecutionOrchestrator.withInterceptedStreams(EngineExecutionOrchestrator.java:102)
	at org.junit.platform.launcher.core.EngineExecutionOrchestrator.execute(EngineExecutionOrchestrator.java:54)
	at org.junit.platform.launcher.core.DefaultLauncher.execute(DefaultLauncher.java:114)
	at org.junit.platform.launcher.core.DefaultLauncher.execute(DefaultLauncher.java:86)
	at org.junit.platform.launcher.core.DefaultLauncherSession$DelegatingLauncher.execute(DefaultLauncherSession.java:86)
	at org.apache.maven.surefire.junitplatform.LazyLauncher.execute(LazyLauncher.java:50)
	at org.apache.maven.surefire.junitplatform.JUnitPlatformProvider.execute(JUnitPlatformProvider.java:184)
	at org.apache.maven.surefire.junitplatform.JUnitPlatformProvider.invokeAllTests(JUnitPlatformProvider.java:148)
	at org.apache.maven.surefire.junitplatform.JUnitPlatformProvider.invoke(JUnitPlatformProvider.java:122)
	at org.apache.maven.surefire.booter.ForkedBooter.runSuitesInProcess(ForkedBooter.java:385)
	at org.apache.maven.surefire.booter.ForkedBooter.execute(ForkedBooter.java:162)
	at org.apache.maven.surefire.booter.ForkedBooter.run(ForkedBooter.java:507)
	at org.apache.maven.surefire.booter.ForkedBooter.main(ForkedBooter.java:495)
]]></error>
    <system-err><![CDATA[Jan 18, 2025 11:25:57 PM com.poissonnerie.util.DatabaseManager needsNewConnection
WARNING: Connexion détectée comme invalide ou fermée
Jan 18, 2025 11:25:57 PM com.poissonnerie.util.DatabaseManager initializeConnection
INFO: Initialisation d'une nouvelle connexion à la base de données
Jan 18, 2025 11:25:57 PM com.poissonnerie.util.DatabaseManager initializeConnection
INFO: Configuration des PRAGMA SQLite effectuée
Jan 18, 2025 11:25:57 PM com.poissonnerie.util.DatabaseManager initializeConnection
INFO: Connexion à la base de données établie avec succès
Jan 18, 2025 11:25:57 PM com.poissonnerie.controller.VenteController initializeDatabase
INFO: Initialisation des tables de la base de données...
Jan 18, 2025 11:25:57 PM com.poissonnerie.util.DatabaseManager needsNewConnection
WARNING: Connexion détectée comme invalide ou fermée
Jan 18, 2025 11:25:57 PM com.poissonnerie.util.DatabaseManager initializeConnection
INFO: Initialisation d'une nouvelle connexion à la base de données
Jan 18, 2025 11:25:57 PM com.poissonnerie.util.DatabaseManager initializeConnection
INFO: Configuration des PRAGMA SQLite effectuée
Jan 18, 2025 11:25:57 PM com.poissonnerie.util.DatabaseManager initializeConnection
INFO: Connexion à la base de données établie avec succès
Jan 18, 2025 11:25:57 PM com.poissonnerie.controller.VenteController initializeDatabase
INFO: Tables mises à jour avec succès
Jan 18, 2025 11:25:57 PM com.poissonnerie.model.Vente setLignes
INFO: Mise à jour des lignes de la vente 1: 1 lignes
]]></system-err>
  </testcase>
  <testcase name="testValidationQuantitesNegatives" classname="com.poissonnerie.test.TestVente" time="0.093">
    <system-err><![CDATA[Jan 18, 2025 11:25:57 PM com.poissonnerie.util.DatabaseManager needsNewConnection
WARNING: Connexion détectée comme invalide ou fermée
Jan 18, 2025 11:25:57 PM com.poissonnerie.util.DatabaseManager initializeConnection
INFO: Initialisation d'une nouvelle connexion à la base de données
Jan 18, 2025 11:25:57 PM com.poissonnerie.util.DatabaseManager initializeConnection
INFO: Configuration des PRAGMA SQLite effectuée
Jan 18, 2025 11:25:57 PM com.poissonnerie.util.DatabaseManager initializeConnection
INFO: Connexion à la base de données établie avec succès
Jan 18, 2025 11:25:57 PM com.poissonnerie.controller.VenteController initializeDatabase
INFO: Initialisation des tables de la base de données...
Jan 18, 2025 11:25:57 PM com.poissonnerie.util.DatabaseManager needsNewConnection
WARNING: Connexion détectée comme invalide ou fermée
Jan 18, 2025 11:25:57 PM com.poissonnerie.util.DatabaseManager initializeConnection
INFO: Initialisation d'une nouvelle connexion à la base de données
Jan 18, 2025 11:25:57 PM com.poissonnerie.util.DatabaseManager initializeConnection
INFO: Configuration des PRAGMA SQLite effectuée
Jan 18, 2025 11:25:57 PM com.poissonnerie.util.DatabaseManager initializeConnection
INFO: Connexion à la base de données établie avec succès
Jan 18, 2025 11:25:57 PM com.poissonnerie.controller.VenteController initializeDatabase
INFO: Tables mises à jour avec succès
Jan 18, 2025 11:25:57 PM com.poissonnerie.model.Vente setLignes
INFO: Mise à jour des lignes de la vente 1: 1 lignes
]]></system-err>
  </testcase>
</testsuite>