<?xml version="1.0" encoding="UTF-8"?>
<testsuite xmlns:xsi="http://www.w3.org/2001/XMLSchema-instance" xsi:noNamespaceSchemaLocation="https://maven.apache.org/surefire/maven-surefire-plugin/xsd/surefire-test-report-3.0.xsd" version="3.0" name="com.poissonnerie.test.TestClient" time="1.423" tests="8" errors="0" skipped="0" failures="0">
  <properties>
[...]
</properties>
  <testcase name="testValidationClientNull" classname="com.poissonnerie.test.TestClient" time="0.099"/>
  <testcase name="testValidationLongueurMaximale" classname="com.poissonnerie.test.TestClient" time="0.004"/>
  <testcase name="testValidationTelephoneInvalide" classname="com.poissonnerie.test.TestClient" time="0.005"/>
  <testcase name="testReglementCreanceClientNull" classname="com.poissonnerie.test.TestClient" time="0.179">
    <system-err><![CDATA[Jan 19, 2025 3:23:29 AM com.poissonnerie.controller.ClientController reglerCreance
WARNING: Tentative de règlement de créance pour un client invalide
]]></system-err>
  </testcase>
  <testcase name="testReglementCreanceMontantInvalide" classname="com.poissonnerie.test.TestClient" time="0.007"/>
  <testcase name="testSanitizationEntrees" classname="com.poissonnerie.test.TestClient" time="0.937">
    <system-err><![CDATA[Jan 19, 2025 3:23:30 AM com.poissonnerie.controller.ClientController ajouterClient
INFO: Tentative d'ajout d'un nouveau client: Test<script>alert('xss')</script>
Jan 19, 2025 3:23:30 AM com.poissonnerie.util.DatabaseManager initializeDataSource
INFO: DataSource initialisé avec succès
SLF4J: Failed to load class "org.slf4j.impl.StaticLoggerBinder".
SLF4J: Defaulting to no-operation (NOP) logger implementation
SLF4J: See http://www.slf4j.org/codes.html#StaticLoggerBinder for further details.
Jan 19, 2025 3:23:31 AM com.poissonnerie.util.DatabaseManager getConnection
INFO: Nouvelle connexion créée et configurée
Jan 19, 2025 3:23:31 AM com.poissonnerie.controller.ClientController ajouterClient
INFO: Client ajouté avec succès, ID: 2
]]></system-err>
  </testcase>
  <testcase name="testValidationNomVide" classname="com.poissonnerie.test.TestClient" time="0.007"/>
  <testcase name="testValidationClientValide" classname="com.poissonnerie.test.TestClient" time="0.032">
    <system-err><![CDATA[Jan 19, 2025 3:23:31 AM com.poissonnerie.controller.ClientController ajouterClient
INFO: Tentative d'ajout d'un nouveau client: Client Test
Jan 19, 2025 3:23:31 AM com.poissonnerie.util.DatabaseManager getConnection
INFO: Nouvelle connexion créée et configurée
Jan 19, 2025 3:23:31 AM com.poissonnerie.controller.ClientController ajouterClient
INFO: Client ajouté avec succès, ID: 3
]]></system-err>
  </testcase>
</testsuite>