<?xml version="1.0" encoding="UTF-8"?>
<testsuite xmlns:xsi="http://www.w3.org/2001/XMLSchema-instance" xsi:noNamespaceSchemaLocation="https://maven.apache.org/surefire/maven-surefire-plugin/xsd/surefire-test-report-3.0.xsd" version="3.0" name="com.poissonnerie.test.TestVente" time="0.079" tests="13" errors="0" skipped="0" failures="0">
  <properties>
[...]
</properties>
  <testcase name="testValidationVenteValide" classname="com.poissonnerie.test.TestVente" time="0.029">
    <system-err><![CDATA[Jan 18, 2025 10:34:51 PM com.poissonnerie.model.Vente setLignes
INFO: Mise à jour des lignes de la vente 1: 1 lignes
Jan 18, 2025 10:34:51 PM com.poissonnerie.controller.VenteController enregistrerVente
INFO: Début de l'enregistrement de la vente...
Jan 18, 2025 10:34:51 PM com.poissonnerie.controller.VenteController validateVente
INFO: Début de la validation de la vente...
Jan 18, 2025 10:34:51 PM com.poissonnerie.controller.VenteController validateVente
INFO: Validation de la vente réussie
Jan 18, 2025 10:34:51 PM com.poissonnerie.util.DatabaseManager needsNewConnection
WARNING: Connexion détectée comme invalide ou fermée
Jan 18, 2025 10:34:51 PM com.poissonnerie.util.DatabaseManager initializeConnection
INFO: Initialisation d'une nouvelle connexion à la base de données
Jan 18, 2025 10:34:51 PM com.poissonnerie.util.DatabaseManager initializeConnection
INFO: Configuration des PRAGMA SQLite effectuée
Jan 18, 2025 10:34:51 PM com.poissonnerie.util.DatabaseManager initializeConnection
INFO: Connexion à la base de données établie avec succès
Jan 18, 2025 10:34:51 PM com.poissonnerie.controller.VenteController enregistrerLigneVente
INFO: Ligne de vente enregistrée pour le produit: 1
Jan 18, 2025 10:34:51 PM com.poissonnerie.controller.VenteController mettreAJourStock
INFO: Stock mis à jour pour le produit 1
Jan 18, 2025 10:34:51 PM com.poissonnerie.controller.VenteController enregistrerVente
INFO: Vente enregistrée avec succès, ID: 8
]]></system-err>
  </testcase>
  <testcase name="testValidationVenteCreditSansClient" classname="com.poissonnerie.test.TestVente" time="0.002">
    <system-err><![CDATA[Jan 18, 2025 10:34:51 PM com.poissonnerie.model.Vente setLignes
INFO: Mise à jour des lignes de la vente 1: 1 lignes
]]></system-err>
  </testcase>
  <testcase name="testCopieDefensiveListeLignes" classname="com.poissonnerie.test.TestVente" time="0.002">
    <system-err><![CDATA[Jan 18, 2025 10:34:51 PM com.poissonnerie.model.Vente setLignes
INFO: Mise à jour des lignes de la vente 1: 1 lignes
]]></system-err>
  </testcase>
  <testcase name="testValidationTotalCalcule" classname="com.poissonnerie.test.TestVente" time="0.002">
    <system-err><![CDATA[Jan 18, 2025 10:34:51 PM com.poissonnerie.model.Vente setLignes
INFO: Mise à jour des lignes de la vente 1: 1 lignes
Jan 18, 2025 10:34:51 PM com.poissonnerie.model.Vente setLignes
INFO: Mise à jour des lignes de la vente 1: 1 lignes
]]></system-err>
  </testcase>
  <testcase name="testValidationDateNull" classname="com.poissonnerie.test.TestVente" time="0.003">
    <system-err><![CDATA[Jan 18, 2025 10:34:51 PM com.poissonnerie.model.Vente setLignes
INFO: Mise à jour des lignes de la vente 1: 1 lignes
]]></system-err>
  </testcase>
  <testcase name="testCopieDefensiveListeVentes" classname="com.poissonnerie.test.TestVente" time="0.021">
    <system-err><![CDATA[Jan 18, 2025 10:34:51 PM com.poissonnerie.model.Vente setLignes
INFO: Mise à jour des lignes de la vente 1: 1 lignes
Jan 18, 2025 10:34:51 PM com.poissonnerie.controller.VenteController enregistrerVente
INFO: Début de l'enregistrement de la vente...
Jan 18, 2025 10:34:51 PM com.poissonnerie.controller.VenteController validateVente
INFO: Début de la validation de la vente...
Jan 18, 2025 10:34:51 PM com.poissonnerie.controller.VenteController validateVente
INFO: Validation de la vente réussie
Jan 18, 2025 10:34:51 PM com.poissonnerie.util.DatabaseManager needsNewConnection
WARNING: Connexion détectée comme invalide ou fermée
Jan 18, 2025 10:34:51 PM com.poissonnerie.util.DatabaseManager initializeConnection
INFO: Initialisation d'une nouvelle connexion à la base de données
Jan 18, 2025 10:34:51 PM com.poissonnerie.util.DatabaseManager initializeConnection
INFO: Configuration des PRAGMA SQLite effectuée
Jan 18, 2025 10:34:51 PM com.poissonnerie.util.DatabaseManager initializeConnection
INFO: Connexion à la base de données établie avec succès
Jan 18, 2025 10:34:51 PM com.poissonnerie.controller.VenteController enregistrerLigneVente
INFO: Ligne de vente enregistrée pour le produit: 1
Jan 18, 2025 10:34:51 PM com.poissonnerie.controller.VenteController mettreAJourStock
INFO: Stock mis à jour pour le produit 1
Jan 18, 2025 10:34:51 PM com.poissonnerie.controller.VenteController enregistrerVente
INFO: Vente enregistrée avec succès, ID: 9
]]></system-err>
  </testcase>
  <testcase name="testValidationVenteNull" classname="com.poissonnerie.test.TestVente" time="0.002">
    <system-err><![CDATA[Jan 18, 2025 10:34:51 PM com.poissonnerie.model.Vente setLignes
INFO: Mise à jour des lignes de la vente 1: 1 lignes
Jan 18, 2025 10:34:51 PM com.poissonnerie.controller.VenteController enregistrerVente
INFO: Début de l'enregistrement de la vente...
Jan 18, 2025 10:34:51 PM com.poissonnerie.controller.VenteController validateVente
INFO: Début de la validation de la vente...
Jan 18, 2025 10:34:51 PM com.poissonnerie.controller.VenteController validateVente
SEVERE: Tentative de validation d'une vente null
]]></system-err>
  </testcase>
  <testcase name="testValidationDateFutur" classname="com.poissonnerie.test.TestVente" time="0.001">
    <system-err><![CDATA[Jan 18, 2025 10:34:51 PM com.poissonnerie.model.Vente setLignes
INFO: Mise à jour des lignes de la vente 1: 1 lignes
]]></system-err>
  </testcase>
  <testcase name="testValidationTotalNegatif" classname="com.poissonnerie.test.TestVente" time="0.001">
    <system-err><![CDATA[Jan 18, 2025 10:34:51 PM com.poissonnerie.model.Vente setLignes
INFO: Mise à jour des lignes de la vente 1: 1 lignes
]]></system-err>
  </testcase>
  <testcase name="testValidationPrixUnitairesNegatifs" classname="com.poissonnerie.test.TestVente" time="0.001">
    <system-err><![CDATA[Jan 18, 2025 10:34:51 PM com.poissonnerie.model.Vente setLignes
INFO: Mise à jour des lignes de la vente 1: 1 lignes
]]></system-err>
  </testcase>
  <testcase name="testValidationVenteSansLignes" classname="com.poissonnerie.test.TestVente" time="0.001">
    <system-err><![CDATA[Jan 18, 2025 10:34:51 PM com.poissonnerie.model.Vente setLignes
INFO: Mise à jour des lignes de la vente 1: 1 lignes
]]></system-err>
  </testcase>
  <testcase name="testEgaliteVentes" classname="com.poissonnerie.test.TestVente" time="0.001">
    <system-err><![CDATA[Jan 18, 2025 10:34:51 PM com.poissonnerie.model.Vente setLignes
INFO: Mise à jour des lignes de la vente 1: 1 lignes
Jan 18, 2025 10:34:51 PM com.poissonnerie.model.Vente setLignes
INFO: Mise à jour des lignes de la vente 1: 1 lignes
Jan 18, 2025 10:34:51 PM com.poissonnerie.model.Vente setLignes
INFO: Mise à jour des lignes de la vente 1: 1 lignes
]]></system-err>
  </testcase>
  <testcase name="testValidationQuantitesNegatives" classname="com.poissonnerie.test.TestVente" time="0.001">
    <system-err><![CDATA[Jan 18, 2025 10:34:51 PM com.poissonnerie.model.Vente setLignes
INFO: Mise à jour des lignes de la vente 1: 1 lignes
]]></system-err>
  </testcase>
</testsuite>